[2025-11-25T22:13:06.042+0000] {local_task_job_runner.py:120} INFO - ::group::Pre task execution logs
[2025-11-25T22:13:06.070+0000] {taskinstance.py:2073} INFO - Dependencies all met for dep_context=non-requeueable deps ti=<TaskInstance: nfl_etl.clean_nfl_data manual__2025-11-25T22:12:57.288074+00:00 [queued]>
[2025-11-25T22:13:06.078+0000] {taskinstance.py:2073} INFO - Dependencies all met for dep_context=requeueable deps ti=<TaskInstance: nfl_etl.clean_nfl_data manual__2025-11-25T22:12:57.288074+00:00 [queued]>
[2025-11-25T22:13:06.079+0000] {taskinstance.py:2303} INFO - Starting attempt 1 of 1
[2025-11-25T22:13:06.090+0000] {taskinstance.py:2327} INFO - Executing <Task(BashOperator): clean_nfl_data> on 2025-11-25 22:12:57.288074+00:00
[2025-11-25T22:13:06.097+0000] {logging_mixin.py:188} WARNING - /home/***/.local/lib/python3.12/site-packages/***/task/task_runner/standard_task_runner.py:61 DeprecationWarning: This process (pid=230) is multi-threaded, use of fork() may lead to deadlocks in the child.
[2025-11-25T22:13:06.098+0000] {standard_task_runner.py:63} INFO - Started process 232 to run task
[2025-11-25T22:13:06.097+0000] {standard_task_runner.py:90} INFO - Running: ['***', 'tasks', 'run', 'nfl_etl', 'clean_nfl_data', 'manual__2025-11-25T22:12:57.288074+00:00', '--job-id', '5', '--raw', '--subdir', 'DAGS_FOLDER/nfl_etl_dag.py', '--cfg-path', '/tmp/tmp1u89dla1']
[2025-11-25T22:13:06.099+0000] {standard_task_runner.py:91} INFO - Job 5: Subtask clean_nfl_data
[2025-11-25T22:13:06.113+0000] {logging_mixin.py:188} WARNING - /home/***/.local/lib/python3.12/site-packages/***/settings.py:195 DeprecationWarning: The sql_alchemy_conn option in [core] has been moved to the sql_alchemy_conn option in [database] - the old setting has been used, but please update your config.
[2025-11-25T22:13:06.149+0000] {task_command.py:426} INFO - Running <TaskInstance: nfl_etl.clean_nfl_data manual__2025-11-25T22:12:57.288074+00:00 [running]> on host 4b71973c0bbe
[2025-11-25T22:13:06.229+0000] {taskinstance.py:2644} INFO - Exporting env vars: AIRFLOW_CTX_DAG_OWNER='***' AIRFLOW_CTX_DAG_ID='nfl_etl' AIRFLOW_CTX_TASK_ID='clean_nfl_data' AIRFLOW_CTX_EXECUTION_DATE='2025-11-25T22:12:57.288074+00:00' AIRFLOW_CTX_TRY_NUMBER='1' AIRFLOW_CTX_DAG_RUN_ID='manual__2025-11-25T22:12:57.288074+00:00'
[2025-11-25T22:13:06.230+0000] {taskinstance.py:430} INFO - ::endgroup::
[2025-11-25T22:13:06.242+0000] {subprocess.py:63} INFO - Tmp dir root location: /tmp
[2025-11-25T22:13:06.243+0000] {subprocess.py:75} INFO - Running command: ['/usr/bin/bash', '-c', 'python /opt/***/src/transformations/clean_nfl_data.py']
[2025-11-25T22:13:06.250+0000] {subprocess.py:86} INFO - Output:
[2025-11-25T22:13:07.196+0000] {subprocess.py:97} INFO - Command exited with return code 0
[2025-11-25T22:13:07.197+0000] {taskinstance.py:441} INFO - ::group::Post task execution logs
[2025-11-25T22:13:07.236+0000] {taskinstance.py:1205} INFO - Marking task as SUCCESS. dag_id=nfl_etl, task_id=clean_nfl_data, execution_date=20251125T221257, start_date=20251125T221306, end_date=20251125T221307
[2025-11-25T22:13:07.275+0000] {local_task_job_runner.py:240} INFO - Task exited with return code 0
[2025-11-25T22:13:07.294+0000] {taskinstance.py:3482} INFO - 1 downstream tasks scheduled from follow-on schedule check
[2025-11-25T22:13:07.298+0000] {local_task_job_runner.py:222} INFO - ::endgroup::
