[2025-11-25T18:44:53.699+0000] {manager.py:470} INFO - Processing files using up to 2 processes at a time 
[2025-11-25T18:44:53.701+0000] {manager.py:471} INFO - Process each file at most once every 30 seconds
[2025-11-25T18:44:53.703+0000] {manager.py:472} INFO - Checking for new files in /opt/airflow/dags every 300 seconds
[2025-11-25T18:44:53.705+0000] {manager.py:737} INFO - Searching for files in /opt/airflow/dags
[2025-11-25T18:44:53.725+0000] {manager.py:740} INFO - There are 1 files in /opt/airflow/dags
[2025-11-25T18:44:53.818+0000] {manager.py:878} INFO - 
================================================================================
DAG File Processing Stats

File Path                           PID  Runtime      # DAGs    # Errors  Last Runtime    Last Run
--------------------------------  -----  ---------  --------  ----------  --------------  ----------
/opt/airflow/dags/nfl_etl_dag.py    202  0.04s             0           0
================================================================================
[2025-11-25T18:45:24.009+0000] {manager.py:878} INFO - 
================================================================================
DAG File Processing Stats

File Path                         PID    Runtime      # DAGs    # Errors  Last Runtime    Last Run
--------------------------------  -----  ---------  --------  ----------  --------------  -------------------
/opt/airflow/dags/nfl_etl_dag.py                           1           0  0.28s           2025-11-25T18:44:54
================================================================================
[2025-11-25T18:45:54.594+0000] {manager.py:878} INFO - 
================================================================================
DAG File Processing Stats

File Path                           PID  Runtime      # DAGs    # Errors  Last Runtime    Last Run
--------------------------------  -----  ---------  --------  ----------  --------------  -------------------
/opt/airflow/dags/nfl_etl_dag.py    257  0.00s             1           0  0.14s           2025-11-25T18:45:24
================================================================================
[2025-11-25T18:46:24.860+0000] {manager.py:878} INFO - 
================================================================================
DAG File Processing Stats

File Path                           PID  Runtime      # DAGs    # Errors  Last Runtime    Last Run
--------------------------------  -----  ---------  --------  ----------  --------------  -------------------
/opt/airflow/dags/nfl_etl_dag.py    262  0.00s             1           0  0.14s           2025-11-25T18:45:54
================================================================================
[2025-11-25T18:46:55.125+0000] {manager.py:878} INFO - 
================================================================================
DAG File Processing Stats

File Path                           PID  Runtime      # DAGs    # Errors  Last Runtime    Last Run
--------------------------------  -----  ---------  --------  ----------  --------------  -------------------
/opt/airflow/dags/nfl_etl_dag.py    267  0.01s             1           0  0.14s           2025-11-25T18:46:24
================================================================================
[2025-11-25T18:47:25.410+0000] {manager.py:878} INFO - 
================================================================================
DAG File Processing Stats

File Path                           PID  Runtime      # DAGs    # Errors  Last Runtime    Last Run
--------------------------------  -----  ---------  --------  ----------  --------------  -------------------
/opt/airflow/dags/nfl_etl_dag.py    272  0.00s             1           0  0.15s           2025-11-25T18:46:55
================================================================================
[2025-11-25T18:47:55.695+0000] {manager.py:878} INFO - 
================================================================================
DAG File Processing Stats

File Path                           PID  Runtime      # DAGs    # Errors  Last Runtime    Last Run
--------------------------------  -----  ---------  --------  ----------  --------------  -------------------
/opt/airflow/dags/nfl_etl_dag.py    277  0.00s             1           0  0.16s           2025-11-25T18:47:25
================================================================================
[2025-11-25T18:48:25.967+0000] {manager.py:878} INFO - 
================================================================================
DAG File Processing Stats

File Path                           PID  Runtime      # DAGs    # Errors  Last Runtime    Last Run
--------------------------------  -----  ---------  --------  ----------  --------------  -------------------
/opt/airflow/dags/nfl_etl_dag.py    282  0.00s             1           0  0.13s           2025-11-25T18:47:55
================================================================================
[2025-11-25T18:48:56.296+0000] {manager.py:878} INFO - 
================================================================================
DAG File Processing Stats

File Path                           PID  Runtime      # DAGs    # Errors  Last Runtime    Last Run
--------------------------------  -----  ---------  --------  ----------  --------------  -------------------
/opt/airflow/dags/nfl_etl_dag.py    287  0.00s             1           0  0.14s           2025-11-25T18:48:26
================================================================================
[2025-11-25T18:49:00.751+0000] {manager.py:452} INFO - Exiting gracefully upon receiving signal 15
[2025-11-25T21:32:15.305+0000] {manager.py:470} INFO - Processing files using up to 2 processes at a time 
[2025-11-25T21:32:15.307+0000] {manager.py:471} INFO - Process each file at most once every 30 seconds
[2025-11-25T21:32:15.308+0000] {manager.py:472} INFO - Checking for new files in /opt/airflow/dags every 300 seconds
[2025-11-25T21:32:15.309+0000] {manager.py:737} INFO - Searching for files in /opt/airflow/dags
[2025-11-25T21:32:15.346+0000] {manager.py:740} INFO - There are 1 files in /opt/airflow/dags
[2025-11-25T21:32:15.441+0000] {manager.py:878} INFO - 
================================================================================
DAG File Processing Stats

File Path                           PID  Runtime      # DAGs    # Errors  Last Runtime    Last Run
--------------------------------  -----  ---------  --------  ----------  --------------  ----------
/opt/airflow/dags/nfl_etl_dag.py    185  0.05s             0           0
================================================================================
[2025-11-25T21:32:45.632+0000] {manager.py:878} INFO - 
================================================================================
DAG File Processing Stats

File Path                         PID    Runtime      # DAGs    # Errors  Last Runtime    Last Run
--------------------------------  -----  ---------  --------  ----------  --------------  -------------------
/opt/airflow/dags/nfl_etl_dag.py                           1           0  0.26s           2025-11-25T21:32:15
================================================================================
[2025-11-25T21:33:16.070+0000] {manager.py:878} INFO - 
================================================================================
DAG File Processing Stats

File Path                           PID  Runtime      # DAGs    # Errors  Last Runtime    Last Run
--------------------------------  -----  ---------  --------  ----------  --------------  -------------------
/opt/airflow/dags/nfl_etl_dag.py    251  0.00s             1           0  0.16s           2025-11-25T21:32:46
================================================================================
[2025-11-25T21:33:46.426+0000] {manager.py:878} INFO - 
================================================================================
DAG File Processing Stats

File Path                           PID  Runtime      # DAGs    # Errors  Last Runtime    Last Run
--------------------------------  -----  ---------  --------  ----------  --------------  -------------------
/opt/airflow/dags/nfl_etl_dag.py    256  0.00s             1           0  0.14s           2025-11-25T21:33:16
================================================================================
[2025-11-25T21:34:16.664+0000] {manager.py:878} INFO - 
================================================================================
DAG File Processing Stats

File Path                           PID  Runtime      # DAGs    # Errors  Last Runtime    Last Run
--------------------------------  -----  ---------  --------  ----------  --------------  -------------------
/opt/airflow/dags/nfl_etl_dag.py    261  0.00s             1           0  0.12s           2025-11-25T21:33:46
================================================================================
[2025-11-25T21:34:46.949+0000] {manager.py:878} INFO - 
================================================================================
DAG File Processing Stats

File Path                           PID  Runtime      # DAGs    # Errors  Last Runtime    Last Run
--------------------------------  -----  ---------  --------  ----------  --------------  -------------------
/opt/airflow/dags/nfl_etl_dag.py    266  0.00s             1           0  0.14s           2025-11-25T21:34:16
================================================================================
[2025-11-25T21:35:17.211+0000] {manager.py:878} INFO - 
================================================================================
DAG File Processing Stats

File Path                           PID  Runtime      # DAGs    # Errors  Last Runtime    Last Run
--------------------------------  -----  ---------  --------  ----------  --------------  -------------------
/opt/airflow/dags/nfl_etl_dag.py    271  0.00s             1           0  0.13s           2025-11-25T21:34:47
================================================================================
[2025-11-25T21:35:47.535+0000] {manager.py:878} INFO - 
================================================================================
DAG File Processing Stats

File Path                           PID  Runtime      # DAGs    # Errors  Last Runtime    Last Run
--------------------------------  -----  ---------  --------  ----------  --------------  -------------------
/opt/airflow/dags/nfl_etl_dag.py    276  0.00s             1           0  0.12s           2025-11-25T21:35:17
================================================================================
[2025-11-25T21:36:17.804+0000] {manager.py:878} INFO - 
================================================================================
DAG File Processing Stats

File Path                           PID  Runtime      # DAGs    # Errors  Last Runtime    Last Run
--------------------------------  -----  ---------  --------  ----------  --------------  -------------------
/opt/airflow/dags/nfl_etl_dag.py    281  0.00s             1           0  0.19s           2025-11-25T21:35:47
================================================================================
[2025-11-25T21:36:48.141+0000] {manager.py:878} INFO - 
================================================================================
DAG File Processing Stats

File Path                           PID  Runtime      # DAGs    # Errors  Last Runtime    Last Run
--------------------------------  -----  ---------  --------  ----------  --------------  -------------------
/opt/airflow/dags/nfl_etl_dag.py    286  0.00s             1           0  0.13s           2025-11-25T21:36:17
================================================================================
[2025-11-25T21:37:15.354+0000] {manager.py:737} INFO - Searching for files in /opt/airflow/dags
[2025-11-25T21:37:15.401+0000] {manager.py:740} INFO - There are 1 files in /opt/airflow/dags
[2025-11-25T21:37:18.455+0000] {manager.py:878} INFO - 
================================================================================
DAG File Processing Stats

File Path                           PID  Runtime      # DAGs    # Errors  Last Runtime    Last Run
--------------------------------  -----  ---------  --------  ----------  --------------  -------------------
/opt/airflow/dags/nfl_etl_dag.py    291  0.00s             1           0  0.13s           2025-11-25T21:36:48
================================================================================
[2025-11-25T21:37:48.674+0000] {manager.py:878} INFO - 
================================================================================
DAG File Processing Stats

File Path                           PID  Runtime      # DAGs    # Errors  Last Runtime    Last Run
--------------------------------  -----  ---------  --------  ----------  --------------  -------------------
/opt/airflow/dags/nfl_etl_dag.py    296  0.00s             1           0  0.13s           2025-11-25T21:37:18
================================================================================
[2025-11-25T21:38:19.006+0000] {manager.py:878} INFO - 
================================================================================
DAG File Processing Stats

File Path                           PID  Runtime      # DAGs    # Errors  Last Runtime    Last Run
--------------------------------  -----  ---------  --------  ----------  --------------  -------------------
/opt/airflow/dags/nfl_etl_dag.py    301  0.00s             1           0  0.12s           2025-11-25T21:37:48
================================================================================
[2025-11-25T21:38:49.267+0000] {manager.py:878} INFO - 
================================================================================
DAG File Processing Stats

File Path                           PID  Runtime      # DAGs    # Errors  Last Runtime    Last Run
--------------------------------  -----  ---------  --------  ----------  --------------  -------------------
/opt/airflow/dags/nfl_etl_dag.py    306  0.00s             1           0  0.13s           2025-11-25T21:38:19
================================================================================
[2025-11-25T21:39:19.594+0000] {manager.py:878} INFO - 
================================================================================
DAG File Processing Stats

File Path                           PID  Runtime      # DAGs    # Errors  Last Runtime    Last Run
--------------------------------  -----  ---------  --------  ----------  --------------  -------------------
/opt/airflow/dags/nfl_etl_dag.py    311  0.00s             1           0  0.12s           2025-11-25T21:38:49
================================================================================
[2025-11-25T21:39:49.834+0000] {manager.py:878} INFO - 
================================================================================
DAG File Processing Stats

File Path                           PID  Runtime      # DAGs    # Errors  Last Runtime    Last Run
--------------------------------  -----  ---------  --------  ----------  --------------  -------------------
/opt/airflow/dags/nfl_etl_dag.py    316  0.00s             1           0  0.12s           2025-11-25T21:39:19
================================================================================
[2025-11-25T21:40:20.199+0000] {manager.py:878} INFO - 
================================================================================
DAG File Processing Stats

File Path                           PID  Runtime      # DAGs    # Errors  Last Runtime    Last Run
--------------------------------  -----  ---------  --------  ----------  --------------  -------------------
/opt/airflow/dags/nfl_etl_dag.py    321  0.00s             1           0  0.12s           2025-11-25T21:39:49
================================================================================
[2025-11-25T21:40:50.460+0000] {manager.py:878} INFO - 
================================================================================
DAG File Processing Stats

File Path                           PID  Runtime      # DAGs    # Errors  Last Runtime    Last Run
--------------------------------  -----  ---------  --------  ----------  --------------  -------------------
/opt/airflow/dags/nfl_etl_dag.py    326  0.00s             1           0  0.13s           2025-11-25T21:40:20
================================================================================
[2025-11-25T21:41:20.750+0000] {manager.py:878} INFO - 
================================================================================
DAG File Processing Stats

File Path                           PID  Runtime      # DAGs    # Errors  Last Runtime    Last Run
--------------------------------  -----  ---------  --------  ----------  --------------  -------------------
/opt/airflow/dags/nfl_etl_dag.py    331  0.00s             1           0  0.16s           2025-11-25T21:40:50
================================================================================
[2025-11-25T21:41:51.020+0000] {manager.py:878} INFO - 
================================================================================
DAG File Processing Stats

File Path                           PID  Runtime      # DAGs    # Errors  Last Runtime    Last Run
--------------------------------  -----  ---------  --------  ----------  --------------  -------------------
/opt/airflow/dags/nfl_etl_dag.py    336  0.00s             1           0  0.14s           2025-11-25T21:41:20
================================================================================
[2025-11-25T21:42:16.193+0000] {manager.py:737} INFO - Searching for files in /opt/airflow/dags
[2025-11-25T21:42:16.260+0000] {manager.py:740} INFO - There are 1 files in /opt/airflow/dags
[2025-11-25T21:42:21.328+0000] {manager.py:878} INFO - 
================================================================================
DAG File Processing Stats

File Path                           PID  Runtime      # DAGs    # Errors  Last Runtime    Last Run
--------------------------------  -----  ---------  --------  ----------  --------------  -------------------
/opt/airflow/dags/nfl_etl_dag.py    341  0.00s             1           0  0.16s           2025-11-25T21:41:51
================================================================================
[2025-11-25T21:42:51.553+0000] {manager.py:878} INFO - 
================================================================================
DAG File Processing Stats

File Path                           PID  Runtime      # DAGs    # Errors  Last Runtime    Last Run
--------------------------------  -----  ---------  --------  ----------  --------------  -------------------
/opt/airflow/dags/nfl_etl_dag.py    346  0.00s             1           0  0.12s           2025-11-25T21:42:21
================================================================================
[2025-11-25T21:43:21.917+0000] {manager.py:878} INFO - 
================================================================================
DAG File Processing Stats

File Path                           PID  Runtime      # DAGs    # Errors  Last Runtime    Last Run
--------------------------------  -----  ---------  --------  ----------  --------------  -------------------
/opt/airflow/dags/nfl_etl_dag.py    351  0.00s             1           0  0.14s           2025-11-25T21:42:51
================================================================================
[2025-11-25T21:43:52.181+0000] {manager.py:878} INFO - 
================================================================================
DAG File Processing Stats

File Path                           PID  Runtime      # DAGs    # Errors  Last Runtime    Last Run
--------------------------------  -----  ---------  --------  ----------  --------------  -------------------
/opt/airflow/dags/nfl_etl_dag.py    356  0.00s             1           0  0.15s           2025-11-25T21:43:22
================================================================================
[2025-11-25T21:44:22.545+0000] {manager.py:878} INFO - 
================================================================================
DAG File Processing Stats

File Path                           PID  Runtime      # DAGs    # Errors  Last Runtime    Last Run
--------------------------------  -----  ---------  --------  ----------  --------------  -------------------
/opt/airflow/dags/nfl_etl_dag.py    361  0.00s             1           0  0.13s           2025-11-25T21:43:52
================================================================================
[2025-11-25T21:44:52.846+0000] {manager.py:878} INFO - 
================================================================================
DAG File Processing Stats

File Path                           PID  Runtime      # DAGs    # Errors  Last Runtime    Last Run
--------------------------------  -----  ---------  --------  ----------  --------------  -------------------
/opt/airflow/dags/nfl_etl_dag.py    366  0.00s             1           0  0.14s           2025-11-25T21:44:22
================================================================================
[2025-11-25T21:45:23.122+0000] {manager.py:878} INFO - 
================================================================================
DAG File Processing Stats

File Path                           PID  Runtime      # DAGs    # Errors  Last Runtime    Last Run
--------------------------------  -----  ---------  --------  ----------  --------------  -------------------
/opt/airflow/dags/nfl_etl_dag.py    371  0.00s             1           0  0.12s           2025-11-25T21:44:52
================================================================================
[2025-11-25T21:45:53.395+0000] {manager.py:878} INFO - 
================================================================================
DAG File Processing Stats

File Path                           PID  Runtime      # DAGs    # Errors  Last Runtime    Last Run
--------------------------------  -----  ---------  --------  ----------  --------------  -------------------
/opt/airflow/dags/nfl_etl_dag.py    376  0.00s             1           0  0.18s           2025-11-25T21:45:23
================================================================================
[2025-11-25T21:46:23.770+0000] {manager.py:878} INFO - 
================================================================================
DAG File Processing Stats

File Path                           PID  Runtime      # DAGs    # Errors  Last Runtime    Last Run
--------------------------------  -----  ---------  --------  ----------  --------------  -------------------
/opt/airflow/dags/nfl_etl_dag.py    381  0.01s             1           0  0.13s           2025-11-25T21:45:53
================================================================================
[2025-11-25T21:46:54.010+0000] {manager.py:878} INFO - 
================================================================================
DAG File Processing Stats

File Path                           PID  Runtime      # DAGs    # Errors  Last Runtime    Last Run
--------------------------------  -----  ---------  --------  ----------  --------------  -------------------
/opt/airflow/dags/nfl_etl_dag.py    386  0.00s             1           0  0.15s           2025-11-25T21:46:23
================================================================================
[2025-11-25T21:47:16.212+0000] {manager.py:737} INFO - Searching for files in /opt/airflow/dags
[2025-11-25T21:47:16.234+0000] {manager.py:740} INFO - There are 1 files in /opt/airflow/dags
[2025-11-25T21:47:24.333+0000] {manager.py:878} INFO - 
================================================================================
DAG File Processing Stats

File Path                           PID  Runtime      # DAGs    # Errors  Last Runtime    Last Run
--------------------------------  -----  ---------  --------  ----------  --------------  -------------------
/opt/airflow/dags/nfl_etl_dag.py    391  0.00s             1           0  0.13s           2025-11-25T21:46:54
================================================================================
[2025-11-25T21:47:54.580+0000] {manager.py:878} INFO - 
================================================================================
DAG File Processing Stats

File Path                           PID  Runtime      # DAGs    # Errors  Last Runtime    Last Run
--------------------------------  -----  ---------  --------  ----------  --------------  -------------------
/opt/airflow/dags/nfl_etl_dag.py    396  0.00s             1           0  0.14s           2025-11-25T21:47:24
================================================================================
[2025-11-25T21:48:24.907+0000] {manager.py:878} INFO - 
================================================================================
DAG File Processing Stats

File Path                           PID  Runtime      # DAGs    # Errors  Last Runtime    Last Run
--------------------------------  -----  ---------  --------  ----------  --------------  -------------------
/opt/airflow/dags/nfl_etl_dag.py    401  0.01s             1           0  0.14s           2025-11-25T21:47:54
================================================================================
[2025-11-25T21:48:55.200+0000] {manager.py:878} INFO - 
================================================================================
DAG File Processing Stats

File Path                           PID  Runtime      # DAGs    # Errors  Last Runtime    Last Run
--------------------------------  -----  ---------  --------  ----------  --------------  -------------------
/opt/airflow/dags/nfl_etl_dag.py    406  0.00s             1           0  0.17s           2025-11-25T21:48:25
================================================================================
[2025-11-25T21:49:25.539+0000] {manager.py:878} INFO - 
================================================================================
DAG File Processing Stats

File Path                           PID  Runtime      # DAGs    # Errors  Last Runtime    Last Run
--------------------------------  -----  ---------  --------  ----------  --------------  -------------------
/opt/airflow/dags/nfl_etl_dag.py    411  0.01s             1           0  0.15s           2025-11-25T21:48:55
================================================================================
[2025-11-25T21:49:55.800+0000] {manager.py:878} INFO - 
================================================================================
DAG File Processing Stats

File Path                           PID  Runtime      # DAGs    # Errors  Last Runtime    Last Run
--------------------------------  -----  ---------  --------  ----------  --------------  -------------------
/opt/airflow/dags/nfl_etl_dag.py    416  0.00s             1           0  0.15s           2025-11-25T21:49:25
================================================================================
[2025-11-25T21:50:26.167+0000] {manager.py:878} INFO - 
================================================================================
DAG File Processing Stats

File Path                           PID  Runtime      # DAGs    # Errors  Last Runtime    Last Run
--------------------------------  -----  ---------  --------  ----------  --------------  -------------------
/opt/airflow/dags/nfl_etl_dag.py    421  0.00s             1           0  0.14s           2025-11-25T21:49:55
================================================================================
[2025-11-25T21:50:56.468+0000] {manager.py:878} INFO - 
================================================================================
DAG File Processing Stats

File Path                           PID  Runtime      # DAGs    # Errors  Last Runtime    Last Run
--------------------------------  -----  ---------  --------  ----------  --------------  -------------------
/opt/airflow/dags/nfl_etl_dag.py    426  0.00s             1           0  0.13s           2025-11-25T21:50:26
================================================================================
[2025-11-25T21:51:26.738+0000] {manager.py:878} INFO - 
================================================================================
DAG File Processing Stats

File Path                           PID  Runtime      # DAGs    # Errors  Last Runtime    Last Run
--------------------------------  -----  ---------  --------  ----------  --------------  -------------------
/opt/airflow/dags/nfl_etl_dag.py    431  0.00s             1           0  0.13s           2025-11-25T21:50:56
================================================================================
[2025-11-25T21:52:15.021+0000] {manager.py:470} INFO - Processing files using up to 2 processes at a time 
[2025-11-25T21:52:15.023+0000] {manager.py:471} INFO - Process each file at most once every 30 seconds
[2025-11-25T21:52:15.024+0000] {manager.py:472} INFO - Checking for new files in /opt/airflow/dags every 300 seconds
[2025-11-25T21:52:15.025+0000] {manager.py:737} INFO - Searching for files in /opt/airflow/dags
[2025-11-25T21:52:15.048+0000] {manager.py:740} INFO - There are 1 files in /opt/airflow/dags
[2025-11-25T21:52:15.150+0000] {manager.py:878} INFO - 
================================================================================
DAG File Processing Stats

File Path                           PID  Runtime      # DAGs    # Errors  Last Runtime    Last Run
--------------------------------  -----  ---------  --------  ----------  --------------  ----------
/opt/airflow/dags/nfl_etl_dag.py    185  0.05s             0           0
================================================================================
[2025-11-25T21:52:45.373+0000] {manager.py:878} INFO - 
================================================================================
DAG File Processing Stats

File Path                         PID    Runtime      # DAGs    # Errors  Last Runtime    Last Run
--------------------------------  -----  ---------  --------  ----------  --------------  -------------------
/opt/airflow/dags/nfl_etl_dag.py                           1           0  0.33s           2025-11-25T21:52:15
================================================================================
[2025-11-25T21:53:15.862+0000] {manager.py:878} INFO - 
================================================================================
DAG File Processing Stats

File Path                           PID  Runtime      # DAGs    # Errors  Last Runtime    Last Run
--------------------------------  -----  ---------  --------  ----------  --------------  -------------------
/opt/airflow/dags/nfl_etl_dag.py    273  0.00s             1           0  0.17s           2025-11-25T21:52:45
================================================================================
[2025-11-25T21:53:46.258+0000] {manager.py:878} INFO - 
================================================================================
DAG File Processing Stats

File Path                           PID  Runtime      # DAGs    # Errors  Last Runtime    Last Run
--------------------------------  -----  ---------  --------  ----------  --------------  -------------------
/opt/airflow/dags/nfl_etl_dag.py    278  0.01s             1           0  0.15s           2025-11-25T21:53:16
================================================================================
[2025-11-25T21:54:16.554+0000] {manager.py:878} INFO - 
================================================================================
DAG File Processing Stats

File Path                           PID  Runtime      # DAGs    # Errors  Last Runtime    Last Run
--------------------------------  -----  ---------  --------  ----------  --------------  -------------------
/opt/airflow/dags/nfl_etl_dag.py    283  0.00s             1           0  0.16s           2025-11-25T21:53:46
================================================================================
[2025-11-25T21:54:46.836+0000] {manager.py:878} INFO - 
================================================================================
DAG File Processing Stats

File Path                           PID  Runtime      # DAGs    # Errors  Last Runtime    Last Run
--------------------------------  -----  ---------  --------  ----------  --------------  -------------------
/opt/airflow/dags/nfl_etl_dag.py    288  0.00s             1           0  0.19s           2025-11-25T21:54:16
================================================================================
[2025-11-25T21:55:17.080+0000] {manager.py:878} INFO - 
================================================================================
DAG File Processing Stats

File Path                           PID  Runtime      # DAGs    # Errors  Last Runtime    Last Run
--------------------------------  -----  ---------  --------  ----------  --------------  -------------------
/opt/airflow/dags/nfl_etl_dag.py    293  0.00s             1           0  0.13s           2025-11-25T21:54:46
================================================================================
[2025-11-25T21:56:06.344+0000] {manager.py:470} INFO - Processing files using up to 2 processes at a time 
[2025-11-25T21:56:06.347+0000] {manager.py:471} INFO - Process each file at most once every 30 seconds
[2025-11-25T21:56:06.349+0000] {manager.py:472} INFO - Checking for new files in /opt/airflow/dags every 300 seconds
[2025-11-25T21:56:06.351+0000] {manager.py:737} INFO - Searching for files in /opt/airflow/dags
[2025-11-25T21:56:06.374+0000] {manager.py:740} INFO - There are 1 files in /opt/airflow/dags
[2025-11-25T21:56:06.563+0000] {manager.py:878} INFO - 
================================================================================
DAG File Processing Stats

File Path                           PID  Runtime      # DAGs    # Errors  Last Runtime    Last Run
--------------------------------  -----  ---------  --------  ----------  --------------  ----------
/opt/airflow/dags/nfl_etl_dag.py    185  0.07s             0           0
================================================================================
[2025-11-25T21:56:36.751+0000] {manager.py:878} INFO - 
================================================================================
DAG File Processing Stats

File Path                         PID    Runtime      # DAGs    # Errors  Last Runtime    Last Run
--------------------------------  -----  ---------  --------  ----------  --------------  -------------------
/opt/airflow/dags/nfl_etl_dag.py                           1           0  0.34s           2025-11-25T21:56:06
================================================================================
[2025-11-25T21:57:07.273+0000] {manager.py:878} INFO - 
================================================================================
DAG File Processing Stats

File Path                           PID  Runtime      # DAGs    # Errors  Last Runtime    Last Run
--------------------------------  -----  ---------  --------  ----------  --------------  -------------------
/opt/airflow/dags/nfl_etl_dag.py    206  0.00s             1           0  0.14s           2025-11-25T21:56:37
================================================================================
[2025-11-25T21:57:37.638+0000] {manager.py:878} INFO - 
================================================================================
DAG File Processing Stats

File Path                           PID  Runtime      # DAGs    # Errors  Last Runtime    Last Run
--------------------------------  -----  ---------  --------  ----------  --------------  -------------------
/opt/airflow/dags/nfl_etl_dag.py    224  0.00s             1           0  0.13s           2025-11-25T21:57:07
================================================================================
[2025-11-25T21:58:07.843+0000] {manager.py:878} INFO - 
================================================================================
DAG File Processing Stats

File Path                         PID    Runtime      # DAGs    # Errors  Last Runtime    Last Run
--------------------------------  -----  ---------  --------  ----------  --------------  -------------------
/opt/airflow/dags/nfl_etl_dag.py                           1           0  0.29s           2025-11-25T21:57:37
================================================================================
[2025-11-25T21:58:38.378+0000] {manager.py:878} INFO - 
================================================================================
DAG File Processing Stats

File Path                           PID  Runtime      # DAGs    # Errors  Last Runtime    Last Run
--------------------------------  -----  ---------  --------  ----------  --------------  -------------------
/opt/airflow/dags/nfl_etl_dag.py    288  0.00s             1           0  0.14s           2025-11-25T21:58:08
================================================================================
[2025-11-25T21:59:08.745+0000] {manager.py:878} INFO - 
================================================================================
DAG File Processing Stats

File Path                           PID  Runtime      # DAGs    # Errors  Last Runtime    Last Run
--------------------------------  -----  ---------  --------  ----------  --------------  -------------------
/opt/airflow/dags/nfl_etl_dag.py    293  0.00s             1           0  0.16s           2025-11-25T21:58:38
================================================================================
[2025-11-25T21:59:39.045+0000] {manager.py:878} INFO - 
================================================================================
DAG File Processing Stats

File Path                           PID  Runtime      # DAGs    # Errors  Last Runtime    Last Run
--------------------------------  -----  ---------  --------  ----------  --------------  -------------------
/opt/airflow/dags/nfl_etl_dag.py    298  0.00s             1           0  0.16s           2025-11-25T21:59:08
================================================================================
[2025-11-25T22:00:09.417+0000] {manager.py:878} INFO - 
================================================================================
DAG File Processing Stats

File Path                           PID  Runtime      # DAGs    # Errors  Last Runtime    Last Run
--------------------------------  -----  ---------  --------  ----------  --------------  -------------------
/opt/airflow/dags/nfl_etl_dag.py    303  0.01s             1           0  0.13s           2025-11-25T21:59:39
================================================================================
[2025-11-25T22:00:39.713+0000] {manager.py:878} INFO - 
================================================================================
DAG File Processing Stats

File Path                           PID  Runtime      # DAGs    # Errors  Last Runtime    Last Run
--------------------------------  -----  ---------  --------  ----------  --------------  -------------------
/opt/airflow/dags/nfl_etl_dag.py    308  0.00s             1           0  0.15s           2025-11-25T22:00:09
================================================================================
[2025-11-25T22:01:06.940+0000] {manager.py:737} INFO - Searching for files in /opt/airflow/dags
[2025-11-25T22:01:06.983+0000] {manager.py:740} INFO - There are 1 files in /opt/airflow/dags
[2025-11-25T22:01:10.036+0000] {manager.py:878} INFO - 
================================================================================
DAG File Processing Stats

File Path                           PID  Runtime      # DAGs    # Errors  Last Runtime    Last Run
--------------------------------  -----  ---------  --------  ----------  --------------  -------------------
/opt/airflow/dags/nfl_etl_dag.py    313  0.00s             1           0  0.14s           2025-11-25T22:00:39
================================================================================
[2025-11-25T22:01:40.295+0000] {manager.py:878} INFO - 
================================================================================
DAG File Processing Stats

File Path                           PID  Runtime      # DAGs    # Errors  Last Runtime    Last Run
--------------------------------  -----  ---------  --------  ----------  --------------  -------------------
/opt/airflow/dags/nfl_etl_dag.py    318  0.00s             1           0  0.14s           2025-11-25T22:01:10
================================================================================
[2025-11-25T22:02:33.768+0000] {manager.py:470} INFO - Processing files using up to 2 processes at a time 
[2025-11-25T22:02:33.769+0000] {manager.py:471} INFO - Process each file at most once every 30 seconds
[2025-11-25T22:02:33.771+0000] {manager.py:472} INFO - Checking for new files in /opt/airflow/dags every 300 seconds
[2025-11-25T22:02:33.772+0000] {manager.py:737} INFO - Searching for files in /opt/airflow/dags
[2025-11-25T22:02:33.795+0000] {manager.py:740} INFO - There are 1 files in /opt/airflow/dags
[2025-11-25T22:02:33.890+0000] {manager.py:878} INFO - 
================================================================================
DAG File Processing Stats

File Path                           PID  Runtime      # DAGs    # Errors  Last Runtime    Last Run
--------------------------------  -----  ---------  --------  ----------  --------------  ----------
/opt/airflow/dags/nfl_etl_dag.py    185  0.04s             0           0
================================================================================
[2025-11-25T22:03:04.070+0000] {manager.py:878} INFO - 
================================================================================
DAG File Processing Stats

File Path                         PID    Runtime      # DAGs    # Errors  Last Runtime    Last Run
--------------------------------  -----  ---------  --------  ----------  --------------  -------------------
/opt/airflow/dags/nfl_etl_dag.py                           1           0  0.39s           2025-11-25T22:02:34
================================================================================
[2025-11-25T22:03:34.655+0000] {manager.py:878} INFO - 
================================================================================
DAG File Processing Stats

File Path                         PID    Runtime      # DAGs    # Errors  Last Runtime    Last Run
--------------------------------  -----  ---------  --------  ----------  --------------  -------------------
/opt/airflow/dags/nfl_etl_dag.py                           1           0  0.22s           2025-11-25T22:03:04
================================================================================
[2025-11-25T22:04:05.140+0000] {manager.py:878} INFO - 
================================================================================
DAG File Processing Stats

File Path                           PID  Runtime      # DAGs    # Errors  Last Runtime    Last Run
--------------------------------  -----  ---------  --------  ----------  --------------  -------------------
/opt/airflow/dags/nfl_etl_dag.py    278  0.01s             1           0  0.12s           2025-11-25T22:03:34
================================================================================
[2025-11-25T22:04:35.418+0000] {manager.py:878} INFO - 
================================================================================
DAG File Processing Stats

File Path                           PID  Runtime      # DAGs    # Errors  Last Runtime    Last Run
--------------------------------  -----  ---------  --------  ----------  --------------  -------------------
/opt/airflow/dags/nfl_etl_dag.py    283  0.00s             1           0  0.15s           2025-11-25T22:04:05
================================================================================
[2025-11-25T22:05:05.756+0000] {manager.py:878} INFO - 
================================================================================
DAG File Processing Stats

File Path                           PID  Runtime      # DAGs    # Errors  Last Runtime    Last Run
--------------------------------  -----  ---------  --------  ----------  --------------  -------------------
/opt/airflow/dags/nfl_etl_dag.py    288  0.01s             1           0  0.14s           2025-11-25T22:04:35
================================================================================
[2025-11-25T22:05:36.030+0000] {manager.py:878} INFO - 
================================================================================
DAG File Processing Stats

File Path                           PID  Runtime      # DAGs    # Errors  Last Runtime    Last Run
--------------------------------  -----  ---------  --------  ----------  --------------  -------------------
/opt/airflow/dags/nfl_etl_dag.py    293  0.01s             1           0  0.16s           2025-11-25T22:05:05
================================================================================
[2025-11-25T22:06:06.370+0000] {manager.py:878} INFO - 
================================================================================
DAG File Processing Stats

File Path                           PID  Runtime      # DAGs    # Errors  Last Runtime    Last Run
--------------------------------  -----  ---------  --------  ----------  --------------  -------------------
/opt/airflow/dags/nfl_etl_dag.py    298  0.01s             1           0  0.14s           2025-11-25T22:05:36
================================================================================
[2025-11-25T22:06:36.662+0000] {manager.py:878} INFO - 
================================================================================
DAG File Processing Stats

File Path                           PID  Runtime      # DAGs    # Errors  Last Runtime    Last Run
--------------------------------  -----  ---------  --------  ----------  --------------  -------------------
/opt/airflow/dags/nfl_etl_dag.py    303  0.00s             1           0  0.15s           2025-11-25T22:06:06
================================================================================
[2025-11-25T22:07:07.016+0000] {manager.py:878} INFO - 
================================================================================
DAG File Processing Stats

File Path                           PID  Runtime      # DAGs    # Errors  Last Runtime    Last Run
--------------------------------  -----  ---------  --------  ----------  --------------  -------------------
/opt/airflow/dags/nfl_etl_dag.py    308  0.00s             1           0  0.21s           2025-11-25T22:06:36
================================================================================
[2025-11-25T22:08:09.834+0000] {manager.py:470} INFO - Processing files using up to 2 processes at a time 
[2025-11-25T22:08:09.835+0000] {manager.py:471} INFO - Process each file at most once every 30 seconds
[2025-11-25T22:08:09.836+0000] {manager.py:472} INFO - Checking for new files in /opt/airflow/dags every 300 seconds
[2025-11-25T22:08:09.838+0000] {manager.py:737} INFO - Searching for files in /opt/airflow/dags
[2025-11-25T22:08:09.858+0000] {manager.py:740} INFO - There are 1 files in /opt/airflow/dags
[2025-11-25T22:08:09.953+0000] {manager.py:878} INFO - 
================================================================================
DAG File Processing Stats

File Path                           PID  Runtime      # DAGs    # Errors  Last Runtime    Last Run
--------------------------------  -----  ---------  --------  ----------  --------------  ----------
/opt/airflow/dags/nfl_etl_dag.py    186  0.04s             0           0
================================================================================
[2025-11-25T22:08:40.151+0000] {manager.py:878} INFO - 
================================================================================
DAG File Processing Stats

File Path                         PID    Runtime      # DAGs    # Errors  Last Runtime    Last Run
--------------------------------  -----  ---------  --------  ----------  --------------  -------------------
/opt/airflow/dags/nfl_etl_dag.py                           1           0  0.29s           2025-11-25T22:08:10
================================================================================
[2025-11-25T22:09:10.632+0000] {manager.py:878} INFO - 
================================================================================
DAG File Processing Stats

File Path                           PID  Runtime      # DAGs    # Errors  Last Runtime    Last Run
--------------------------------  -----  ---------  --------  ----------  --------------  -------------------
/opt/airflow/dags/nfl_etl_dag.py    274  0.00s             1           0  0.17s           2025-11-25T22:08:40
================================================================================
[2025-11-25T22:09:40.880+0000] {manager.py:878} INFO - 
================================================================================
DAG File Processing Stats

File Path                           PID  Runtime      # DAGs    # Errors  Last Runtime    Last Run
--------------------------------  -----  ---------  --------  ----------  --------------  -------------------
/opt/airflow/dags/nfl_etl_dag.py    279  0.01s             1           0  0.14s           2025-11-25T22:09:10
================================================================================
[2025-11-25T22:10:11.232+0000] {manager.py:878} INFO - 
================================================================================
DAG File Processing Stats

File Path                           PID  Runtime      # DAGs    # Errors  Last Runtime    Last Run
--------------------------------  -----  ---------  --------  ----------  --------------  -------------------
/opt/airflow/dags/nfl_etl_dag.py    284  0.01s             1           0  0.15s           2025-11-25T22:09:41
================================================================================
[2025-11-25T22:10:41.515+0000] {manager.py:878} INFO - 
================================================================================
DAG File Processing Stats

File Path                           PID  Runtime      # DAGs    # Errors  Last Runtime    Last Run
--------------------------------  -----  ---------  --------  ----------  --------------  -------------------
/opt/airflow/dags/nfl_etl_dag.py    289  0.00s             1           0  0.16s           2025-11-25T22:10:11
================================================================================
[2025-11-25T22:11:11.888+0000] {manager.py:878} INFO - 
================================================================================
DAG File Processing Stats

File Path                           PID  Runtime      # DAGs    # Errors  Last Runtime    Last Run
--------------------------------  -----  ---------  --------  ----------  --------------  -------------------
/opt/airflow/dags/nfl_etl_dag.py    294  0.01s             1           0  0.13s           2025-11-25T22:10:41
================================================================================
[2025-11-25T22:12:11.149+0000] {manager.py:470} INFO - Processing files using up to 2 processes at a time 
[2025-11-25T22:12:11.151+0000] {manager.py:471} INFO - Process each file at most once every 30 seconds
[2025-11-25T22:12:11.153+0000] {manager.py:472} INFO - Checking for new files in /opt/airflow/dags every 300 seconds
[2025-11-25T22:12:11.154+0000] {manager.py:737} INFO - Searching for files in /opt/airflow/dags
[2025-11-25T22:12:11.185+0000] {manager.py:740} INFO - There are 1 files in /opt/airflow/dags
[2025-11-25T22:12:11.293+0000] {manager.py:878} INFO - 
================================================================================
DAG File Processing Stats

File Path                           PID  Runtime      # DAGs    # Errors  Last Runtime    Last Run
--------------------------------  -----  ---------  --------  ----------  --------------  ----------
/opt/airflow/dags/nfl_etl_dag.py    185  0.04s             0           0
================================================================================
[2025-11-25T22:12:41.489+0000] {manager.py:878} INFO - 
================================================================================
DAG File Processing Stats

File Path                         PID    Runtime      # DAGs    # Errors  Last Runtime    Last Run
--------------------------------  -----  ---------  --------  ----------  --------------  -------------------
/opt/airflow/dags/nfl_etl_dag.py                           1           0  0.31s           2025-11-25T22:12:11
================================================================================
[2025-11-25T22:13:11.960+0000] {manager.py:878} INFO - 
================================================================================
DAG File Processing Stats

File Path                           PID  Runtime      # DAGs    # Errors  Last Runtime    Last Run
--------------------------------  -----  ---------  --------  ----------  --------------  -------------------
/opt/airflow/dags/nfl_etl_dag.py    273  0.00s             1           0  0.15s           2025-11-25T22:12:41
================================================================================
[2025-11-25T22:13:42.246+0000] {manager.py:878} INFO - 
================================================================================
DAG File Processing Stats

File Path                           PID  Runtime      # DAGs    # Errors  Last Runtime    Last Run
--------------------------------  -----  ---------  --------  ----------  --------------  -------------------
/opt/airflow/dags/nfl_etl_dag.py    278  0.00s             1           0  0.14s           2025-11-25T22:13:12
================================================================================
[2025-11-25T22:14:12.470+0000] {manager.py:878} INFO - 
================================================================================
DAG File Processing Stats

File Path                           PID  Runtime      # DAGs    # Errors  Last Runtime    Last Run
--------------------------------  -----  ---------  --------  ----------  --------------  -------------------
/opt/airflow/dags/nfl_etl_dag.py    283  0.00s             1           0  0.13s           2025-11-25T22:13:42
================================================================================
[2025-11-25T22:14:42.747+0000] {manager.py:878} INFO - 
================================================================================
DAG File Processing Stats

File Path                           PID  Runtime      # DAGs    # Errors  Last Runtime    Last Run
--------------------------------  -----  ---------  --------  ----------  --------------  -------------------
/opt/airflow/dags/nfl_etl_dag.py    288  0.00s             1           0  0.12s           2025-11-25T22:14:12
================================================================================
[2025-11-25T22:15:24.879+0000] {manager.py:470} INFO - Processing files using up to 2 processes at a time 
[2025-11-25T22:15:24.881+0000] {manager.py:471} INFO - Process each file at most once every 30 seconds
[2025-11-25T22:15:24.882+0000] {manager.py:472} INFO - Checking for new files in /opt/airflow/dags every 300 seconds
[2025-11-25T22:15:24.885+0000] {manager.py:737} INFO - Searching for files in /opt/airflow/dags
[2025-11-25T22:15:24.908+0000] {manager.py:740} INFO - There are 1 files in /opt/airflow/dags
[2025-11-25T22:15:25.007+0000] {manager.py:878} INFO - 
================================================================================
DAG File Processing Stats

File Path                           PID  Runtime      # DAGs    # Errors  Last Runtime    Last Run
--------------------------------  -----  ---------  --------  ----------  --------------  ----------
/opt/airflow/dags/nfl_etl_dag.py    186  0.05s             0           0
================================================================================
[2025-11-25T22:15:55.193+0000] {manager.py:878} INFO - 
================================================================================
DAG File Processing Stats

File Path                         PID    Runtime      # DAGs    # Errors  Last Runtime    Last Run
--------------------------------  -----  ---------  --------  ----------  --------------  -------------------
/opt/airflow/dags/nfl_etl_dag.py                           1           0  0.31s           2025-11-25T22:15:25
================================================================================
[2025-11-25T22:16:25.624+0000] {manager.py:878} INFO - 
================================================================================
DAG File Processing Stats

File Path                           PID  Runtime      # DAGs    # Errors  Last Runtime    Last Run
--------------------------------  -----  ---------  --------  ----------  --------------  -------------------
/opt/airflow/dags/nfl_etl_dag.py    274  0.00s             1           0  0.15s           2025-11-25T22:15:55
================================================================================
[2025-11-25T22:16:55.824+0000] {manager.py:878} INFO - 
================================================================================
DAG File Processing Stats

File Path                           PID  Runtime      # DAGs    # Errors  Last Runtime    Last Run
--------------------------------  -----  ---------  --------  ----------  --------------  -------------------
/opt/airflow/dags/nfl_etl_dag.py    279  0.00s             1           0  0.14s           2025-11-25T22:16:25
================================================================================
[2025-11-25T22:17:26.200+0000] {manager.py:878} INFO - 
================================================================================
DAG File Processing Stats

File Path                           PID  Runtime      # DAGs    # Errors  Last Runtime    Last Run
--------------------------------  -----  ---------  --------  ----------  --------------  -------------------
/opt/airflow/dags/nfl_etl_dag.py    284  0.01s             1           0  0.15s           2025-11-25T22:16:55
================================================================================
[2025-11-25T22:17:56.415+0000] {manager.py:878} INFO - 
================================================================================
DAG File Processing Stats

File Path                           PID  Runtime      # DAGs    # Errors  Last Runtime    Last Run
--------------------------------  -----  ---------  --------  ----------  --------------  -------------------
/opt/airflow/dags/nfl_etl_dag.py    289  0.00s             1           0  0.16s           2025-11-25T22:17:26
================================================================================
[2025-11-25T22:18:26.847+0000] {manager.py:878} INFO - 
================================================================================
DAG File Processing Stats

File Path                           PID  Runtime      # DAGs    # Errors  Last Runtime    Last Run
--------------------------------  -----  ---------  --------  ----------  --------------  -------------------
/opt/airflow/dags/nfl_etl_dag.py    294  0.01s             1           0  0.13s           2025-11-25T22:17:56
================================================================================
[2025-11-25T22:18:57.111+0000] {manager.py:878} INFO - 
================================================================================
DAG File Processing Stats

File Path                           PID  Runtime      # DAGs    # Errors  Last Runtime    Last Run
--------------------------------  -----  ---------  --------  ----------  --------------  -------------------
/opt/airflow/dags/nfl_etl_dag.py    299  0.00s             1           0  0.14s           2025-11-25T22:18:26
================================================================================
[2025-11-25T22:19:27.491+0000] {manager.py:878} INFO - 
================================================================================
DAG File Processing Stats

File Path                           PID  Runtime      # DAGs    # Errors  Last Runtime    Last Run
--------------------------------  -----  ---------  --------  ----------  --------------  -------------------
/opt/airflow/dags/nfl_etl_dag.py    304  0.00s             1           0  0.14s           2025-11-25T22:18:57
================================================================================
[2025-11-25T22:19:57.771+0000] {manager.py:878} INFO - 
================================================================================
DAG File Processing Stats

File Path                           PID  Runtime      # DAGs    # Errors  Last Runtime    Last Run
--------------------------------  -----  ---------  --------  ----------  --------------  -------------------
/opt/airflow/dags/nfl_etl_dag.py    309  0.01s             1           0  0.12s           2025-11-25T22:19:27
================================================================================
[2025-11-25T22:20:25.037+0000] {manager.py:737} INFO - Searching for files in /opt/airflow/dags
[2025-11-25T22:20:25.072+0000] {manager.py:740} INFO - There are 1 files in /opt/airflow/dags
[2025-11-25T22:20:28.122+0000] {manager.py:878} INFO - 
================================================================================
DAG File Processing Stats

File Path                           PID  Runtime      # DAGs    # Errors  Last Runtime    Last Run
--------------------------------  -----  ---------  --------  ----------  --------------  -------------------
/opt/airflow/dags/nfl_etl_dag.py    314  0.00s             1           0  0.17s           2025-11-25T22:19:57
================================================================================
[2025-11-25T22:20:58.345+0000] {manager.py:878} INFO - 
================================================================================
DAG File Processing Stats

File Path                           PID  Runtime      # DAGs    # Errors  Last Runtime    Last Run
--------------------------------  -----  ---------  --------  ----------  --------------  -------------------
/opt/airflow/dags/nfl_etl_dag.py    319  0.00s             1           0  0.16s           2025-11-25T22:20:28
================================================================================
[2025-11-25T22:21:28.619+0000] {manager.py:878} INFO - 
================================================================================
DAG File Processing Stats

File Path                           PID  Runtime      # DAGs    # Errors  Last Runtime    Last Run
--------------------------------  -----  ---------  --------  ----------  --------------  -------------------
/opt/airflow/dags/nfl_etl_dag.py    324  0.01s             1           0  0.13s           2025-11-25T22:20:58
================================================================================
[2025-11-25T22:21:58.888+0000] {manager.py:878} INFO - 
================================================================================
DAG File Processing Stats

File Path                           PID  Runtime      # DAGs    # Errors  Last Runtime    Last Run
--------------------------------  -----  ---------  --------  ----------  --------------  -------------------
/opt/airflow/dags/nfl_etl_dag.py    329  0.00s             1           0  0.16s           2025-11-25T22:21:28
================================================================================
[2025-11-25T22:22:29.154+0000] {manager.py:878} INFO - 
================================================================================
DAG File Processing Stats

File Path                           PID  Runtime      # DAGs    # Errors  Last Runtime    Last Run
--------------------------------  -----  ---------  --------  ----------  --------------  -------------------
/opt/airflow/dags/nfl_etl_dag.py    334  0.00s             1           0  0.14s           2025-11-25T22:21:59
================================================================================
[2025-11-25T22:22:59.502+0000] {manager.py:878} INFO - 
================================================================================
DAG File Processing Stats

File Path                           PID  Runtime      # DAGs    # Errors  Last Runtime    Last Run
--------------------------------  -----  ---------  --------  ----------  --------------  -------------------
/opt/airflow/dags/nfl_etl_dag.py    339  0.00s             1           0  0.14s           2025-11-25T22:22:29
================================================================================
[2025-11-25T22:23:29.767+0000] {manager.py:878} INFO - 
================================================================================
DAG File Processing Stats

File Path                           PID  Runtime      # DAGs    # Errors  Last Runtime    Last Run
--------------------------------  -----  ---------  --------  ----------  --------------  -------------------
/opt/airflow/dags/nfl_etl_dag.py    344  0.00s             1           0  0.14s           2025-11-25T22:22:59
================================================================================
[2025-11-25T22:24:00.155+0000] {manager.py:878} INFO - 
================================================================================
DAG File Processing Stats

File Path                           PID  Runtime      # DAGs    # Errors  Last Runtime    Last Run
--------------------------------  -----  ---------  --------  ----------  --------------  -------------------
/opt/airflow/dags/nfl_etl_dag.py    349  0.00s             1           0  0.13s           2025-11-25T22:23:29
================================================================================
[2025-11-25T22:24:30.462+0000] {manager.py:878} INFO - 
================================================================================
DAG File Processing Stats

File Path                           PID  Runtime      # DAGs    # Errors  Last Runtime    Last Run
--------------------------------  -----  ---------  --------  ----------  --------------  -------------------
/opt/airflow/dags/nfl_etl_dag.py    354  0.00s             1           0  0.19s           2025-11-25T22:24:00
================================================================================
[2025-11-25T22:25:00.827+0000] {manager.py:878} INFO - 
================================================================================
DAG File Processing Stats

File Path                           PID  Runtime      # DAGs    # Errors  Last Runtime    Last Run
--------------------------------  -----  ---------  --------  ----------  --------------  -------------------
/opt/airflow/dags/nfl_etl_dag.py    359  0.00s             1           0  0.13s           2025-11-25T22:24:30
================================================================================
[2025-11-25T22:25:25.053+0000] {manager.py:737} INFO - Searching for files in /opt/airflow/dags
[2025-11-25T22:25:25.080+0000] {manager.py:740} INFO - There are 1 files in /opt/airflow/dags
[2025-11-25T22:25:31.185+0000] {manager.py:878} INFO - 
================================================================================
DAG File Processing Stats

File Path                           PID  Runtime      # DAGs    # Errors  Last Runtime    Last Run
--------------------------------  -----  ---------  --------  ----------  --------------  -------------------
/opt/airflow/dags/nfl_etl_dag.py    364  0.00s             1           0  0.14s           2025-11-25T22:25:00
================================================================================
[2025-11-25T22:26:01.523+0000] {manager.py:878} INFO - 
================================================================================
DAG File Processing Stats

File Path                           PID  Runtime      # DAGs    # Errors  Last Runtime    Last Run
--------------------------------  -----  ---------  --------  ----------  --------------  -------------------
/opt/airflow/dags/nfl_etl_dag.py    369  0.00s             1           0  0.14s           2025-11-25T22:25:31
================================================================================
[2025-11-25T22:26:31.834+0000] {manager.py:878} INFO - 
================================================================================
DAG File Processing Stats

File Path                           PID  Runtime      # DAGs    # Errors  Last Runtime    Last Run
--------------------------------  -----  ---------  --------  ----------  --------------  -------------------
/opt/airflow/dags/nfl_etl_dag.py    374  0.01s             1           0  0.16s           2025-11-25T22:26:01
================================================================================
[2025-11-25T22:27:02.167+0000] {manager.py:878} INFO - 
================================================================================
DAG File Processing Stats

File Path                           PID  Runtime      # DAGs    # Errors  Last Runtime    Last Run
--------------------------------  -----  ---------  --------  ----------  --------------  -------------------
/opt/airflow/dags/nfl_etl_dag.py    379  0.01s             1           0  0.16s           2025-11-25T22:26:31
================================================================================
[2025-11-25T22:27:32.465+0000] {manager.py:878} INFO - 
================================================================================
DAG File Processing Stats

File Path                           PID  Runtime      # DAGs    # Errors  Last Runtime    Last Run
--------------------------------  -----  ---------  --------  ----------  --------------  -------------------
/opt/airflow/dags/nfl_etl_dag.py    384  0.01s             1           0  0.15s           2025-11-25T22:27:02
================================================================================
[2025-11-25T22:28:02.762+0000] {manager.py:878} INFO - 
================================================================================
DAG File Processing Stats

File Path                           PID  Runtime      # DAGs    # Errors  Last Runtime    Last Run
--------------------------------  -----  ---------  --------  ----------  --------------  -------------------
/opt/airflow/dags/nfl_etl_dag.py    389  0.00s             1           0  0.14s           2025-11-25T22:27:32
================================================================================
[2025-11-25T22:28:33.031+0000] {manager.py:878} INFO - 
================================================================================
DAG File Processing Stats

File Path                           PID  Runtime      # DAGs    # Errors  Last Runtime    Last Run
--------------------------------  -----  ---------  --------  ----------  --------------  -------------------
/opt/airflow/dags/nfl_etl_dag.py    394  0.01s             1           0  0.14s           2025-11-25T22:28:02
================================================================================
[2025-11-25T22:29:03.362+0000] {manager.py:878} INFO - 
================================================================================
DAG File Processing Stats

File Path                           PID  Runtime      # DAGs    # Errors  Last Runtime    Last Run
--------------------------------  -----  ---------  --------  ----------  --------------  -------------------
/opt/airflow/dags/nfl_etl_dag.py    399  0.00s             1           0  0.14s           2025-11-25T22:28:33
================================================================================
[2025-11-25T22:29:33.621+0000] {manager.py:878} INFO - 
================================================================================
DAG File Processing Stats

File Path                           PID  Runtime      # DAGs    # Errors  Last Runtime    Last Run
--------------------------------  -----  ---------  --------  ----------  --------------  -------------------
/opt/airflow/dags/nfl_etl_dag.py    404  0.00s             1           0  0.14s           2025-11-25T22:29:03
================================================================================
[2025-11-25T22:30:03.896+0000] {manager.py:878} INFO - 
================================================================================
DAG File Processing Stats

File Path                           PID  Runtime      # DAGs    # Errors  Last Runtime    Last Run
--------------------------------  -----  ---------  --------  ----------  --------------  -------------------
/opt/airflow/dags/nfl_etl_dag.py    409  0.01s             1           0  0.13s           2025-11-25T22:29:33
================================================================================
[2025-11-25T22:30:25.085+0000] {manager.py:737} INFO - Searching for files in /opt/airflow/dags
[2025-11-25T22:30:25.118+0000] {manager.py:740} INFO - There are 1 files in /opt/airflow/dags
[2025-11-25T22:30:34.206+0000] {manager.py:878} INFO - 
================================================================================
DAG File Processing Stats

File Path                           PID  Runtime      # DAGs    # Errors  Last Runtime    Last Run
--------------------------------  -----  ---------  --------  ----------  --------------  -------------------
/opt/airflow/dags/nfl_etl_dag.py    414  0.00s             1           0  0.17s           2025-11-25T22:30:04
================================================================================
[2025-11-25T22:31:04.484+0000] {manager.py:878} INFO - 
================================================================================
DAG File Processing Stats

File Path                           PID  Runtime      # DAGs    # Errors  Last Runtime    Last Run
--------------------------------  -----  ---------  --------  ----------  --------------  -------------------
/opt/airflow/dags/nfl_etl_dag.py    419  0.00s             1           0  0.15s           2025-11-25T22:30:34
================================================================================
[2025-11-25T22:31:34.847+0000] {manager.py:878} INFO - 
================================================================================
DAG File Processing Stats

File Path                           PID  Runtime      # DAGs    # Errors  Last Runtime    Last Run
--------------------------------  -----  ---------  --------  ----------  --------------  -------------------
/opt/airflow/dags/nfl_etl_dag.py    424  0.01s             1           0  0.13s           2025-11-25T22:31:04
================================================================================
[2025-11-25T22:32:05.125+0000] {manager.py:878} INFO - 
================================================================================
DAG File Processing Stats

File Path                           PID  Runtime      # DAGs    # Errors  Last Runtime    Last Run
--------------------------------  -----  ---------  --------  ----------  --------------  -------------------
/opt/airflow/dags/nfl_etl_dag.py    429  0.00s             1           0  0.16s           2025-11-25T22:31:35
================================================================================
[2025-11-25T22:32:35.540+0000] {manager.py:878} INFO - 
================================================================================
DAG File Processing Stats

File Path                           PID  Runtime      # DAGs    # Errors  Last Runtime    Last Run
--------------------------------  -----  ---------  --------  ----------  --------------  -------------------
/opt/airflow/dags/nfl_etl_dag.py    434  0.00s             1           0  0.13s           2025-11-25T22:32:05
================================================================================
[2025-11-25T22:33:05.849+0000] {manager.py:878} INFO - 
================================================================================
DAG File Processing Stats

File Path                           PID  Runtime      # DAGs    # Errors  Last Runtime    Last Run
--------------------------------  -----  ---------  --------  ----------  --------------  -------------------
/opt/airflow/dags/nfl_etl_dag.py    439  0.00s             1           0  0.14s           2025-11-25T22:32:35
================================================================================
[2025-11-25T22:33:36.184+0000] {manager.py:878} INFO - 
================================================================================
DAG File Processing Stats

File Path                           PID  Runtime      # DAGs    # Errors  Last Runtime    Last Run
--------------------------------  -----  ---------  --------  ----------  --------------  -------------------
/opt/airflow/dags/nfl_etl_dag.py    444  0.00s             1           0  0.15s           2025-11-25T22:33:05
================================================================================
[2025-11-25T22:34:06.526+0000] {manager.py:878} INFO - 
================================================================================
DAG File Processing Stats

File Path                           PID  Runtime      # DAGs    # Errors  Last Runtime    Last Run
--------------------------------  -----  ---------  --------  ----------  --------------  -------------------
/opt/airflow/dags/nfl_etl_dag.py    449  0.00s             1           0  0.14s           2025-11-25T22:33:36
================================================================================
[2025-11-25T22:34:36.887+0000] {manager.py:878} INFO - 
================================================================================
DAG File Processing Stats

File Path                           PID  Runtime      # DAGs    # Errors  Last Runtime    Last Run
--------------------------------  -----  ---------  --------  ----------  --------------  -------------------
/opt/airflow/dags/nfl_etl_dag.py    454  0.00s             1           0  0.16s           2025-11-25T22:34:06
================================================================================
[2025-11-25T22:35:07.187+0000] {manager.py:878} INFO - 
================================================================================
DAG File Processing Stats

File Path                           PID  Runtime      # DAGs    # Errors  Last Runtime    Last Run
--------------------------------  -----  ---------  --------  ----------  --------------  -------------------
/opt/airflow/dags/nfl_etl_dag.py    459  0.00s             1           0  0.14s           2025-11-25T22:34:37
================================================================================
