[2025-11-25T21:57:47.627+0000] {local_task_job_runner.py:120} INFO - ::group::Pre task execution logs
[2025-11-25T21:57:47.660+0000] {taskinstance.py:2073} INFO - Dependencies all met for dep_context=non-requeueable deps ti=<TaskInstance: nfl_etl.load_to_postgres manual__2025-11-25T21:57:37.097225+00:00 [queued]>
[2025-11-25T21:57:47.669+0000] {taskinstance.py:2073} INFO - Dependencies all met for dep_context=requeueable deps ti=<TaskInstance: nfl_etl.load_to_postgres manual__2025-11-25T21:57:37.097225+00:00 [queued]>
[2025-11-25T21:57:47.670+0000] {taskinstance.py:2303} INFO - Starting attempt 1 of 1
[2025-11-25T21:57:47.683+0000] {taskinstance.py:2327} INFO - Executing <Task(BashOperator): load_to_postgres> on 2025-11-25 21:57:37.097225+00:00
[2025-11-25T21:57:47.689+0000] {logging_mixin.py:188} WARNING - /home/***/.local/lib/python3.12/site-packages/***/task/task_runner/standard_task_runner.py:61 DeprecationWarning: This process (pid=271) is multi-threaded, use of fork() may lead to deadlocks in the child.
[2025-11-25T21:57:47.690+0000] {standard_task_runner.py:63} INFO - Started process 273 to run task
[2025-11-25T21:57:47.689+0000] {standard_task_runner.py:90} INFO - Running: ['***', 'tasks', 'run', 'nfl_etl', 'load_to_postgres', 'manual__2025-11-25T21:57:37.097225+00:00', '--job-id', '7', '--raw', '--subdir', 'DAGS_FOLDER/nfl_etl_dag.py', '--cfg-path', '/tmp/tmpcqp_xk0g']
[2025-11-25T21:57:47.691+0000] {standard_task_runner.py:91} INFO - Job 7: Subtask load_to_postgres
[2025-11-25T21:57:47.706+0000] {logging_mixin.py:188} WARNING - /home/***/.local/lib/python3.12/site-packages/***/settings.py:195 DeprecationWarning: The sql_alchemy_conn option in [core] has been moved to the sql_alchemy_conn option in [database] - the old setting has been used, but please update your config.
[2025-11-25T21:57:47.742+0000] {task_command.py:426} INFO - Running <TaskInstance: nfl_etl.load_to_postgres manual__2025-11-25T21:57:37.097225+00:00 [running]> on host fe422a050ca0
[2025-11-25T21:57:47.821+0000] {taskinstance.py:2644} INFO - Exporting env vars: AIRFLOW_CTX_DAG_OWNER='***' AIRFLOW_CTX_DAG_ID='nfl_etl' AIRFLOW_CTX_TASK_ID='load_to_postgres' AIRFLOW_CTX_EXECUTION_DATE='2025-11-25T21:57:37.097225+00:00' AIRFLOW_CTX_TRY_NUMBER='1' AIRFLOW_CTX_DAG_RUN_ID='manual__2025-11-25T21:57:37.097225+00:00'
[2025-11-25T21:57:47.822+0000] {taskinstance.py:430} INFO - ::endgroup::
[2025-11-25T21:57:47.835+0000] {subprocess.py:63} INFO - Tmp dir root location: /tmp
[2025-11-25T21:57:47.836+0000] {subprocess.py:75} INFO - Running command: ['/usr/bin/bash', '-c', 'python /opt/***/src/loading/load_to_postgres.py']
[2025-11-25T21:57:47.843+0000] {subprocess.py:86} INFO - Output:
[2025-11-25T21:57:48.748+0000] {subprocess.py:93} INFO - Traceback (most recent call last):
[2025-11-25T21:57:48.749+0000] {subprocess.py:93} INFO -   File "/opt/***/src/loading/load_to_postgres.py", line 30, in <module>
[2025-11-25T21:57:48.752+0000] {subprocess.py:93} INFO -     load()
[2025-11-25T21:57:48.752+0000] {subprocess.py:93} INFO -   File "/opt/***/src/loading/load_to_postgres.py", line 17, in load
[2025-11-25T21:57:48.755+0000] {subprocess.py:93} INFO -     cur.execute(
[2025-11-25T21:57:48.755+0000] {subprocess.py:93} INFO - psycopg2.errors.UndefinedTable: relation "***" does not exist
[2025-11-25T21:57:48.755+0000] {subprocess.py:93} INFO - LINE 2:             INSERT INTO *** (id, name, location, abbrevi...
[2025-11-25T21:57:48.756+0000] {subprocess.py:93} INFO -                                 ^
[2025-11-25T21:57:48.756+0000] {subprocess.py:93} INFO - 
[2025-11-25T21:57:48.820+0000] {subprocess.py:97} INFO - Command exited with return code 1
[2025-11-25T21:57:48.821+0000] {taskinstance.py:441} INFO - ::group::Post task execution logs
[2025-11-25T21:57:48.832+0000] {taskinstance.py:2890} ERROR - Task failed with exception
Traceback (most recent call last):
  File "/home/airflow/.local/lib/python3.12/site-packages/airflow/models/taskinstance.py", line 465, in _execute_task
    result = _execute_callable(context=context, **execute_callable_kwargs)
             ^^^^^^^^^^^^^^^^^^^^^^^^^^^^^^^^^^^^^^^^^^^^^^^^^^^^^^^^^^^^^
  File "/home/airflow/.local/lib/python3.12/site-packages/airflow/models/taskinstance.py", line 432, in _execute_callable
    return execute_callable(context=context, **execute_callable_kwargs)
           ^^^^^^^^^^^^^^^^^^^^^^^^^^^^^^^^^^^^^^^^^^^^^^^^^^^^^^^^^^^^
  File "/home/airflow/.local/lib/python3.12/site-packages/airflow/models/baseoperator.py", line 400, in wrapper
    return func(self, *args, **kwargs)
           ^^^^^^^^^^^^^^^^^^^^^^^^^^^
  File "/home/airflow/.local/lib/python3.12/site-packages/airflow/operators/bash.py", line 243, in execute
    raise AirflowException(
airflow.exceptions.AirflowException: Bash command failed. The command returned a non-zero exit code 1.
[2025-11-25T21:57:48.836+0000] {taskinstance.py:1205} INFO - Marking task as FAILED. dag_id=nfl_etl, task_id=load_to_postgres, execution_date=20251125T215737, start_date=20251125T215747, end_date=20251125T215748
[2025-11-25T21:57:48.852+0000] {standard_task_runner.py:110} ERROR - Failed to execute job 7 for task load_to_postgres (Bash command failed. The command returned a non-zero exit code 1.; 273)
[2025-11-25T21:57:48.869+0000] {local_task_job_runner.py:240} INFO - Task exited with return code 1
[2025-11-25T21:57:48.883+0000] {taskinstance.py:3482} INFO - 0 downstream tasks scheduled from follow-on schedule check
[2025-11-25T21:57:48.886+0000] {local_task_job_runner.py:222} INFO - ::endgroup::
