[2025-11-25T21:57:37.819+0000] {local_task_job_runner.py:120} INFO - ::group::Pre task execution logs
[2025-11-25T21:57:37.901+0000] {taskinstance.py:2073} INFO - Dependencies all met for dep_context=non-requeueable deps ti=<TaskInstance: nfl_etl.fetch_nfl_data manual__2025-11-25T21:57:37.097225+00:00 [queued]>
[2025-11-25T21:57:37.913+0000] {taskinstance.py:2073} INFO - Dependencies all met for dep_context=requeueable deps ti=<TaskInstance: nfl_etl.fetch_nfl_data manual__2025-11-25T21:57:37.097225+00:00 [queued]>
[2025-11-25T21:57:37.915+0000] {taskinstance.py:2303} INFO - Starting attempt 1 of 1
[2025-11-25T21:57:37.933+0000] {taskinstance.py:2327} INFO - Executing <Task(BashOperator): fetch_nfl_data> on 2025-11-25 21:57:37.097225+00:00
[2025-11-25T21:57:37.940+0000] {logging_mixin.py:188} WARNING - /home/***/.local/lib/python3.12/site-packages/***/task/task_runner/standard_task_runner.py:61 DeprecationWarning: This process (pid=223) is multi-threaded, use of fork() may lead to deadlocks in the child.
[2025-11-25T21:57:37.942+0000] {standard_task_runner.py:63} INFO - Started process 229 to run task
[2025-11-25T21:57:37.940+0000] {standard_task_runner.py:90} INFO - Running: ['***', 'tasks', 'run', 'nfl_etl', 'fetch_nfl_data', 'manual__2025-11-25T21:57:37.097225+00:00', '--job-id', '3', '--raw', '--subdir', 'DAGS_FOLDER/nfl_etl_dag.py', '--cfg-path', '/tmp/tmpk17p8or5']
[2025-11-25T21:57:37.943+0000] {standard_task_runner.py:91} INFO - Job 3: Subtask fetch_nfl_data
[2025-11-25T21:57:37.957+0000] {logging_mixin.py:188} WARNING - /home/***/.local/lib/python3.12/site-packages/***/settings.py:195 DeprecationWarning: The sql_alchemy_conn option in [core] has been moved to the sql_alchemy_conn option in [database] - the old setting has been used, but please update your config.
[2025-11-25T21:57:37.992+0000] {task_command.py:426} INFO - Running <TaskInstance: nfl_etl.fetch_nfl_data manual__2025-11-25T21:57:37.097225+00:00 [running]> on host fe422a050ca0
[2025-11-25T21:57:38.091+0000] {taskinstance.py:2644} INFO - Exporting env vars: AIRFLOW_CTX_DAG_OWNER='***' AIRFLOW_CTX_DAG_ID='nfl_etl' AIRFLOW_CTX_TASK_ID='fetch_nfl_data' AIRFLOW_CTX_EXECUTION_DATE='2025-11-25T21:57:37.097225+00:00' AIRFLOW_CTX_TRY_NUMBER='1' AIRFLOW_CTX_DAG_RUN_ID='manual__2025-11-25T21:57:37.097225+00:00'
[2025-11-25T21:57:38.092+0000] {taskinstance.py:430} INFO - ::endgroup::
[2025-11-25T21:57:38.106+0000] {subprocess.py:63} INFO - Tmp dir root location: /tmp
[2025-11-25T21:57:38.108+0000] {subprocess.py:75} INFO - Running command: ['/usr/bin/bash', '-c', 'python /opt/***/src/ingestion/fetch_nfl_stats.py']
[2025-11-25T21:57:38.114+0000] {subprocess.py:86} INFO - Output:
[2025-11-25T21:57:39.838+0000] {subprocess.py:93} INFO - /opt/***/src/ingestion/fetch_nfl_stats.py:23: DeprecationWarning: datetime.datetime.utcnow() is deprecated and scheduled for removal in a future version. Use timezone-aware objects to represent datetimes in UTC: datetime.datetime.now(datetime.UTC).
[2025-11-25T21:57:39.839+0000] {subprocess.py:93} INFO -   "created_at": datetime.utcnow().isoformat()
[2025-11-25T21:57:44.624+0000] {subprocess.py:97} INFO - Command exited with return code 0
[2025-11-25T21:57:44.625+0000] {taskinstance.py:441} INFO - ::group::Post task execution logs
[2025-11-25T21:57:44.652+0000] {taskinstance.py:1205} INFO - Marking task as SUCCESS. dag_id=nfl_etl, task_id=fetch_nfl_data, execution_date=20251125T215737, start_date=20251125T215737, end_date=20251125T215744
[2025-11-25T21:57:44.676+0000] {local_task_job_runner.py:240} INFO - Task exited with return code 0
[2025-11-25T21:57:44.702+0000] {taskinstance.py:3482} INFO - 1 downstream tasks scheduled from follow-on schedule check
[2025-11-25T21:57:44.704+0000] {local_task_job_runner.py:222} INFO - ::endgroup::
