[2025-11-25T22:16:02.571+0000] {local_task_job_runner.py:120} INFO - ::group::Pre task execution logs
[2025-11-25T22:16:02.602+0000] {taskinstance.py:2073} INFO - Dependencies all met for dep_context=non-requeueable deps ti=<TaskInstance: nfl_etl.load_to_postgres manual__2025-11-25T22:15:51.705757+00:00 [queued]>
[2025-11-25T22:16:02.609+0000] {taskinstance.py:2073} INFO - Dependencies all met for dep_context=requeueable deps ti=<TaskInstance: nfl_etl.load_to_postgres manual__2025-11-25T22:15:51.705757+00:00 [queued]>
[2025-11-25T22:16:02.610+0000] {taskinstance.py:2303} INFO - Starting attempt 1 of 1
[2025-11-25T22:16:02.620+0000] {taskinstance.py:2327} INFO - Executing <Task(BashOperator): load_to_postgres> on 2025-11-25 22:15:51.705757+00:00
[2025-11-25T22:16:02.626+0000] {logging_mixin.py:188} WARNING - /home/***/.local/lib/python3.12/site-packages/***/task/task_runner/standard_task_runner.py:61 DeprecationWarning: This process (pid=263) is multi-threaded, use of fork() may lead to deadlocks in the child.
[2025-11-25T22:16:02.627+0000] {standard_task_runner.py:63} INFO - Started process 264 to run task
[2025-11-25T22:16:02.626+0000] {standard_task_runner.py:90} INFO - Running: ['***', 'tasks', 'run', 'nfl_etl', 'load_to_postgres', 'manual__2025-11-25T22:15:51.705757+00:00', '--job-id', '7', '--raw', '--subdir', 'DAGS_FOLDER/nfl_etl_dag.py', '--cfg-path', '/tmp/tmpx5je0_c6']
[2025-11-25T22:16:02.627+0000] {standard_task_runner.py:91} INFO - Job 7: Subtask load_to_postgres
[2025-11-25T22:16:02.640+0000] {logging_mixin.py:188} WARNING - /home/***/.local/lib/python3.12/site-packages/***/settings.py:195 DeprecationWarning: The sql_alchemy_conn option in [core] has been moved to the sql_alchemy_conn option in [database] - the old setting has been used, but please update your config.
[2025-11-25T22:16:02.670+0000] {task_command.py:426} INFO - Running <TaskInstance: nfl_etl.load_to_postgres manual__2025-11-25T22:15:51.705757+00:00 [running]> on host 426f1414dfeb
[2025-11-25T22:16:02.754+0000] {taskinstance.py:2644} INFO - Exporting env vars: AIRFLOW_CTX_DAG_OWNER='***' AIRFLOW_CTX_DAG_ID='nfl_etl' AIRFLOW_CTX_TASK_ID='load_to_postgres' AIRFLOW_CTX_EXECUTION_DATE='2025-11-25T22:15:51.705757+00:00' AIRFLOW_CTX_TRY_NUMBER='1' AIRFLOW_CTX_DAG_RUN_ID='manual__2025-11-25T22:15:51.705757+00:00'
[2025-11-25T22:16:02.755+0000] {taskinstance.py:430} INFO - ::endgroup::
[2025-11-25T22:16:02.766+0000] {subprocess.py:63} INFO - Tmp dir root location: /tmp
[2025-11-25T22:16:02.767+0000] {subprocess.py:75} INFO - Running command: ['/usr/bin/bash', '-c', 'python /opt/***/src/loading/load_to_postgres.py']
[2025-11-25T22:16:02.774+0000] {subprocess.py:86} INFO - Output:
[2025-11-25T22:16:03.727+0000] {subprocess.py:97} INFO - Command exited with return code 0
[2025-11-25T22:16:03.728+0000] {taskinstance.py:441} INFO - ::group::Post task execution logs
[2025-11-25T22:16:03.752+0000] {taskinstance.py:1205} INFO - Marking task as SUCCESS. dag_id=nfl_etl, task_id=load_to_postgres, execution_date=20251125T221551, start_date=20251125T221602, end_date=20251125T221603
[2025-11-25T22:16:03.805+0000] {local_task_job_runner.py:240} INFO - Task exited with return code 0
[2025-11-25T22:16:03.820+0000] {taskinstance.py:3482} INFO - 0 downstream tasks scheduled from follow-on schedule check
[2025-11-25T22:16:03.823+0000] {local_task_job_runner.py:222} INFO - ::endgroup::
