[2025-11-25T22:15:52.566+0000] {local_task_job_runner.py:120} INFO - ::group::Pre task execution logs
[2025-11-25T22:15:52.600+0000] {taskinstance.py:2073} INFO - Dependencies all met for dep_context=non-requeueable deps ti=<TaskInstance: nfl_etl.fetch_nfl_data manual__2025-11-25T22:15:51.705757+00:00 [queued]>
[2025-11-25T22:15:52.608+0000] {taskinstance.py:2073} INFO - Dependencies all met for dep_context=requeueable deps ti=<TaskInstance: nfl_etl.fetch_nfl_data manual__2025-11-25T22:15:51.705757+00:00 [queued]>
[2025-11-25T22:15:52.610+0000] {taskinstance.py:2303} INFO - Starting attempt 1 of 1
[2025-11-25T22:15:52.622+0000] {taskinstance.py:2327} INFO - Executing <Task(BashOperator): fetch_nfl_data> on 2025-11-25 22:15:51.705757+00:00
[2025-11-25T22:15:52.630+0000] {logging_mixin.py:188} WARNING - /home/***/.local/lib/python3.12/site-packages/***/task/task_runner/standard_task_runner.py:61 DeprecationWarning: This process (pid=214) is multi-threaded, use of fork() may lead to deadlocks in the child.
[2025-11-25T22:15:52.630+0000] {standard_task_runner.py:90} INFO - Running: ['***', 'tasks', 'run', 'nfl_etl', 'fetch_nfl_data', 'manual__2025-11-25T22:15:51.705757+00:00', '--job-id', '3', '--raw', '--subdir', 'DAGS_FOLDER/nfl_etl_dag.py', '--cfg-path', '/tmp/tmpx2_k88pc']
[2025-11-25T22:15:52.632+0000] {standard_task_runner.py:63} INFO - Started process 215 to run task
[2025-11-25T22:15:52.632+0000] {standard_task_runner.py:91} INFO - Job 3: Subtask fetch_nfl_data
[2025-11-25T22:15:52.648+0000] {logging_mixin.py:188} WARNING - /home/***/.local/lib/python3.12/site-packages/***/settings.py:195 DeprecationWarning: The sql_alchemy_conn option in [core] has been moved to the sql_alchemy_conn option in [database] - the old setting has been used, but please update your config.
[2025-11-25T22:15:52.687+0000] {task_command.py:426} INFO - Running <TaskInstance: nfl_etl.fetch_nfl_data manual__2025-11-25T22:15:51.705757+00:00 [running]> on host 426f1414dfeb
[2025-11-25T22:15:52.777+0000] {taskinstance.py:2644} INFO - Exporting env vars: AIRFLOW_CTX_DAG_OWNER='***' AIRFLOW_CTX_DAG_ID='nfl_etl' AIRFLOW_CTX_TASK_ID='fetch_nfl_data' AIRFLOW_CTX_EXECUTION_DATE='2025-11-25T22:15:51.705757+00:00' AIRFLOW_CTX_TRY_NUMBER='1' AIRFLOW_CTX_DAG_RUN_ID='manual__2025-11-25T22:15:51.705757+00:00'
[2025-11-25T22:15:52.778+0000] {taskinstance.py:430} INFO - ::endgroup::
[2025-11-25T22:15:52.792+0000] {subprocess.py:63} INFO - Tmp dir root location: /tmp
[2025-11-25T22:15:52.793+0000] {subprocess.py:75} INFO - Running command: ['/usr/bin/bash', '-c', 'python /opt/***/src/ingestion/fetch_nfl_stats.py']
[2025-11-25T22:15:52.800+0000] {subprocess.py:86} INFO - Output:
[2025-11-25T22:15:54.686+0000] {subprocess.py:93} INFO - /opt/***/src/ingestion/fetch_nfl_stats.py:23: DeprecationWarning: datetime.datetime.utcnow() is deprecated and scheduled for removal in a future version. Use timezone-aware objects to represent datetimes in UTC: datetime.datetime.now(datetime.UTC).
[2025-11-25T22:15:54.687+0000] {subprocess.py:93} INFO -   "created_at": datetime.utcnow().isoformat()
[2025-11-25T22:15:59.358+0000] {subprocess.py:97} INFO - Command exited with return code 0
[2025-11-25T22:15:59.359+0000] {taskinstance.py:441} INFO - ::group::Post task execution logs
[2025-11-25T22:15:59.385+0000] {taskinstance.py:1205} INFO - Marking task as SUCCESS. dag_id=nfl_etl, task_id=fetch_nfl_data, execution_date=20251125T221551, start_date=20251125T221552, end_date=20251125T221559
[2025-11-25T22:15:59.403+0000] {local_task_job_runner.py:240} INFO - Task exited with return code 0
[2025-11-25T22:15:59.426+0000] {taskinstance.py:3482} INFO - 1 downstream tasks scheduled from follow-on schedule check
[2025-11-25T22:15:59.429+0000] {local_task_job_runner.py:222} INFO - ::endgroup::
