[2025-11-25T21:52:54.886+0000] {local_task_job_runner.py:120} INFO - ::group::Pre task execution logs
[2025-11-25T21:52:54.925+0000] {taskinstance.py:2073} INFO - Dependencies all met for dep_context=non-requeueable deps ti=<TaskInstance: nfl_etl.load_to_postgres manual__2025-11-25T21:52:45.082630+00:00 [queued]>
[2025-11-25T21:52:54.935+0000] {taskinstance.py:2073} INFO - Dependencies all met for dep_context=requeueable deps ti=<TaskInstance: nfl_etl.load_to_postgres manual__2025-11-25T21:52:45.082630+00:00 [queued]>
[2025-11-25T21:52:54.936+0000] {taskinstance.py:2303} INFO - Starting attempt 1 of 1
[2025-11-25T21:52:54.950+0000] {taskinstance.py:2327} INFO - Executing <Task(BashOperator): load_to_postgres> on 2025-11-25 21:52:45.082630+00:00
[2025-11-25T21:52:54.958+0000] {logging_mixin.py:188} WARNING - /home/***/.local/lib/python3.12/site-packages/***/task/task_runner/standard_task_runner.py:61 DeprecationWarning: This process (pid=262) is multi-threaded, use of fork() may lead to deadlocks in the child.
[2025-11-25T21:52:54.959+0000] {standard_task_runner.py:63} INFO - Started process 263 to run task
[2025-11-25T21:52:54.958+0000] {standard_task_runner.py:90} INFO - Running: ['***', 'tasks', 'run', 'nfl_etl', 'load_to_postgres', 'manual__2025-11-25T21:52:45.082630+00:00', '--job-id', '7', '--raw', '--subdir', 'DAGS_FOLDER/nfl_etl_dag.py', '--cfg-path', '/tmp/tmp9fzk9d_j']
[2025-11-25T21:52:54.961+0000] {standard_task_runner.py:91} INFO - Job 7: Subtask load_to_postgres
[2025-11-25T21:52:54.978+0000] {logging_mixin.py:188} WARNING - /home/***/.local/lib/python3.12/site-packages/***/settings.py:195 DeprecationWarning: The sql_alchemy_conn option in [core] has been moved to the sql_alchemy_conn option in [database] - the old setting has been used, but please update your config.
[2025-11-25T21:52:55.010+0000] {task_command.py:426} INFO - Running <TaskInstance: nfl_etl.load_to_postgres manual__2025-11-25T21:52:45.082630+00:00 [running]> on host 16825b3cc700
[2025-11-25T21:52:55.087+0000] {taskinstance.py:2644} INFO - Exporting env vars: AIRFLOW_CTX_DAG_OWNER='***' AIRFLOW_CTX_DAG_ID='nfl_etl' AIRFLOW_CTX_TASK_ID='load_to_postgres' AIRFLOW_CTX_EXECUTION_DATE='2025-11-25T21:52:45.082630+00:00' AIRFLOW_CTX_TRY_NUMBER='1' AIRFLOW_CTX_DAG_RUN_ID='manual__2025-11-25T21:52:45.082630+00:00'
[2025-11-25T21:52:55.088+0000] {taskinstance.py:430} INFO - ::endgroup::
[2025-11-25T21:52:55.104+0000] {subprocess.py:63} INFO - Tmp dir root location: /tmp
[2025-11-25T21:52:55.105+0000] {subprocess.py:75} INFO - Running command: ['/usr/bin/bash', '-c', 'python /opt/***/src/loading/load_to_postgres.py']
[2025-11-25T21:52:55.112+0000] {subprocess.py:86} INFO - Output:
[2025-11-25T21:52:55.991+0000] {subprocess.py:93} INFO - Traceback (most recent call last):
[2025-11-25T21:52:55.992+0000] {subprocess.py:93} INFO -   File "/opt/***/src/loading/load_to_postgres.py", line 30, in <module>
[2025-11-25T21:52:55.995+0000] {subprocess.py:93} INFO -     load()
[2025-11-25T21:52:55.995+0000] {subprocess.py:93} INFO -   File "/opt/***/src/loading/load_to_postgres.py", line 17, in load
[2025-11-25T21:52:55.997+0000] {subprocess.py:93} INFO -     cur.execute(
[2025-11-25T21:52:55.997+0000] {subprocess.py:93} INFO - psycopg2.errors.UndefinedTable: relation "nfl_stats" does not exist
[2025-11-25T21:52:55.997+0000] {subprocess.py:93} INFO - LINE 2:             INSERT INTO nfl_stats (id, name, location, abbre...
[2025-11-25T21:52:55.998+0000] {subprocess.py:93} INFO -                                 ^
[2025-11-25T21:52:55.998+0000] {subprocess.py:93} INFO - 
[2025-11-25T21:52:56.063+0000] {subprocess.py:97} INFO - Command exited with return code 1
[2025-11-25T21:52:56.064+0000] {taskinstance.py:441} INFO - ::group::Post task execution logs
[2025-11-25T21:52:56.075+0000] {taskinstance.py:2890} ERROR - Task failed with exception
Traceback (most recent call last):
  File "/home/airflow/.local/lib/python3.12/site-packages/airflow/models/taskinstance.py", line 465, in _execute_task
    result = _execute_callable(context=context, **execute_callable_kwargs)
             ^^^^^^^^^^^^^^^^^^^^^^^^^^^^^^^^^^^^^^^^^^^^^^^^^^^^^^^^^^^^^
  File "/home/airflow/.local/lib/python3.12/site-packages/airflow/models/taskinstance.py", line 432, in _execute_callable
    return execute_callable(context=context, **execute_callable_kwargs)
           ^^^^^^^^^^^^^^^^^^^^^^^^^^^^^^^^^^^^^^^^^^^^^^^^^^^^^^^^^^^^
  File "/home/airflow/.local/lib/python3.12/site-packages/airflow/models/baseoperator.py", line 400, in wrapper
    return func(self, *args, **kwargs)
           ^^^^^^^^^^^^^^^^^^^^^^^^^^^
  File "/home/airflow/.local/lib/python3.12/site-packages/airflow/operators/bash.py", line 243, in execute
    raise AirflowException(
airflow.exceptions.AirflowException: Bash command failed. The command returned a non-zero exit code 1.
[2025-11-25T21:52:56.079+0000] {taskinstance.py:1205} INFO - Marking task as FAILED. dag_id=nfl_etl, task_id=load_to_postgres, execution_date=20251125T215245, start_date=20251125T215254, end_date=20251125T215256
[2025-11-25T21:52:56.096+0000] {standard_task_runner.py:110} ERROR - Failed to execute job 7 for task load_to_postgres (Bash command failed. The command returned a non-zero exit code 1.; 263)
[2025-11-25T21:52:56.138+0000] {local_task_job_runner.py:240} INFO - Task exited with return code 1
[2025-11-25T21:52:56.153+0000] {taskinstance.py:3482} INFO - 0 downstream tasks scheduled from follow-on schedule check
[2025-11-25T21:52:56.158+0000] {local_task_job_runner.py:222} INFO - ::endgroup::
