[2025-11-25T22:08:42.566+0000] {local_task_job_runner.py:120} INFO - ::group::Pre task execution logs
[2025-11-25T22:08:42.596+0000] {taskinstance.py:2073} INFO - Dependencies all met for dep_context=non-requeueable deps ti=<TaskInstance: nfl_etl.clean_nfl_data manual__2025-11-25T22:08:34.578337+00:00 [queued]>
[2025-11-25T22:08:42.604+0000] {taskinstance.py:2073} INFO - Dependencies all met for dep_context=requeueable deps ti=<TaskInstance: nfl_etl.clean_nfl_data manual__2025-11-25T22:08:34.578337+00:00 [queued]>
[2025-11-25T22:08:42.607+0000] {taskinstance.py:2303} INFO - Starting attempt 1 of 1
[2025-11-25T22:08:42.618+0000] {taskinstance.py:2327} INFO - Executing <Task(BashOperator): clean_nfl_data> on 2025-11-25 22:08:34.578337+00:00
[2025-11-25T22:08:42.624+0000] {logging_mixin.py:188} WARNING - /home/***/.local/lib/python3.12/site-packages/***/task/task_runner/standard_task_runner.py:61 DeprecationWarning: This process (pid=231) is multi-threaded, use of fork() may lead to deadlocks in the child.
[2025-11-25T22:08:42.625+0000] {standard_task_runner.py:63} INFO - Started process 233 to run task
[2025-11-25T22:08:42.624+0000] {standard_task_runner.py:90} INFO - Running: ['***', 'tasks', 'run', 'nfl_etl', 'clean_nfl_data', 'manual__2025-11-25T22:08:34.578337+00:00', '--job-id', '5', '--raw', '--subdir', 'DAGS_FOLDER/nfl_etl_dag.py', '--cfg-path', '/tmp/tmpsnnlkdbj']
[2025-11-25T22:08:42.626+0000] {standard_task_runner.py:91} INFO - Job 5: Subtask clean_nfl_data
[2025-11-25T22:08:42.642+0000] {logging_mixin.py:188} WARNING - /home/***/.local/lib/python3.12/site-packages/***/settings.py:195 DeprecationWarning: The sql_alchemy_conn option in [core] has been moved to the sql_alchemy_conn option in [database] - the old setting has been used, but please update your config.
[2025-11-25T22:08:42.674+0000] {task_command.py:426} INFO - Running <TaskInstance: nfl_etl.clean_nfl_data manual__2025-11-25T22:08:34.578337+00:00 [running]> on host 12ebf9115d82
[2025-11-25T22:08:42.753+0000] {taskinstance.py:2644} INFO - Exporting env vars: AIRFLOW_CTX_DAG_OWNER='***' AIRFLOW_CTX_DAG_ID='nfl_etl' AIRFLOW_CTX_TASK_ID='clean_nfl_data' AIRFLOW_CTX_EXECUTION_DATE='2025-11-25T22:08:34.578337+00:00' AIRFLOW_CTX_TRY_NUMBER='1' AIRFLOW_CTX_DAG_RUN_ID='manual__2025-11-25T22:08:34.578337+00:00'
[2025-11-25T22:08:42.754+0000] {taskinstance.py:430} INFO - ::endgroup::
[2025-11-25T22:08:42.768+0000] {subprocess.py:63} INFO - Tmp dir root location: /tmp
[2025-11-25T22:08:42.769+0000] {subprocess.py:75} INFO - Running command: ['/usr/bin/bash', '-c', 'python /opt/***/src/transformations/clean_nfl_data.py']
[2025-11-25T22:08:42.776+0000] {subprocess.py:86} INFO - Output:
[2025-11-25T22:08:43.818+0000] {subprocess.py:97} INFO - Command exited with return code 0
[2025-11-25T22:08:43.820+0000] {taskinstance.py:441} INFO - ::group::Post task execution logs
[2025-11-25T22:08:43.846+0000] {taskinstance.py:1205} INFO - Marking task as SUCCESS. dag_id=nfl_etl, task_id=clean_nfl_data, execution_date=20251125T220834, start_date=20251125T220842, end_date=20251125T220843
[2025-11-25T22:08:43.885+0000] {local_task_job_runner.py:240} INFO - Task exited with return code 0
[2025-11-25T22:08:43.906+0000] {taskinstance.py:3482} INFO - 1 downstream tasks scheduled from follow-on schedule check
[2025-11-25T22:08:43.909+0000] {local_task_job_runner.py:222} INFO - ::endgroup::
