[2025-11-25T22:03:13.687+0000] {local_task_job_runner.py:120} INFO - ::group::Pre task execution logs
[2025-11-25T22:03:13.722+0000] {taskinstance.py:2073} INFO - Dependencies all met for dep_context=non-requeueable deps ti=<TaskInstance: nfl_etl.load_to_postgres manual__2025-11-25T22:03:02.869496+00:00 [queued]>
[2025-11-25T22:03:13.731+0000] {taskinstance.py:2073} INFO - Dependencies all met for dep_context=requeueable deps ti=<TaskInstance: nfl_etl.load_to_postgres manual__2025-11-25T22:03:02.869496+00:00 [queued]>
[2025-11-25T22:03:13.734+0000] {taskinstance.py:2303} INFO - Starting attempt 1 of 1
[2025-11-25T22:03:13.750+0000] {taskinstance.py:2327} INFO - Executing <Task(BashOperator): load_to_postgres> on 2025-11-25 22:03:02.869496+00:00
[2025-11-25T22:03:13.759+0000] {logging_mixin.py:188} WARNING - /home/***/.local/lib/python3.12/site-packages/***/task/task_runner/standard_task_runner.py:61 DeprecationWarning: This process (pid=262) is multi-threaded, use of fork() may lead to deadlocks in the child.
[2025-11-25T22:03:13.758+0000] {standard_task_runner.py:90} INFO - Running: ['***', 'tasks', 'run', 'nfl_etl', 'load_to_postgres', 'manual__2025-11-25T22:03:02.869496+00:00', '--job-id', '7', '--raw', '--subdir', 'DAGS_FOLDER/nfl_etl_dag.py', '--cfg-path', '/tmp/tmpc9ykdijy']
[2025-11-25T22:03:13.760+0000] {standard_task_runner.py:63} INFO - Started process 263 to run task
[2025-11-25T22:03:13.761+0000] {standard_task_runner.py:91} INFO - Job 7: Subtask load_to_postgres
[2025-11-25T22:03:13.780+0000] {logging_mixin.py:188} WARNING - /home/***/.local/lib/python3.12/site-packages/***/settings.py:195 DeprecationWarning: The sql_alchemy_conn option in [core] has been moved to the sql_alchemy_conn option in [database] - the old setting has been used, but please update your config.
[2025-11-25T22:03:13.830+0000] {task_command.py:426} INFO - Running <TaskInstance: nfl_etl.load_to_postgres manual__2025-11-25T22:03:02.869496+00:00 [running]> on host 67abb3264e35
[2025-11-25T22:03:13.976+0000] {taskinstance.py:2644} INFO - Exporting env vars: AIRFLOW_CTX_DAG_OWNER='***' AIRFLOW_CTX_DAG_ID='nfl_etl' AIRFLOW_CTX_TASK_ID='load_to_postgres' AIRFLOW_CTX_EXECUTION_DATE='2025-11-25T22:03:02.869496+00:00' AIRFLOW_CTX_TRY_NUMBER='1' AIRFLOW_CTX_DAG_RUN_ID='manual__2025-11-25T22:03:02.869496+00:00'
[2025-11-25T22:03:13.978+0000] {taskinstance.py:430} INFO - ::endgroup::
[2025-11-25T22:03:13.997+0000] {subprocess.py:63} INFO - Tmp dir root location: /tmp
[2025-11-25T22:03:13.999+0000] {subprocess.py:75} INFO - Running command: ['/usr/bin/bash', '-c', 'python /opt/***/src/loading/load_to_postgres.py']
[2025-11-25T22:03:14.007+0000] {subprocess.py:86} INFO - Output:
[2025-11-25T22:03:15.018+0000] {subprocess.py:93} INFO - Traceback (most recent call last):
[2025-11-25T22:03:15.019+0000] {subprocess.py:93} INFO -   File "/opt/***/src/loading/load_to_postgres.py", line 41, in <module>
[2025-11-25T22:03:15.021+0000] {subprocess.py:93} INFO -     load()
[2025-11-25T22:03:15.022+0000] {subprocess.py:93} INFO -   File "/opt/***/src/loading/load_to_postgres.py", line 28, in load
[2025-11-25T22:03:15.024+0000] {subprocess.py:93} INFO -     cur.execute(
[2025-11-25T22:03:15.024+0000] {subprocess.py:93} INFO - psycopg2.errors.UniqueViolation: duplicate key value violates unique constraint "teams_pkey"
[2025-11-25T22:03:15.025+0000] {subprocess.py:93} INFO - DETAIL:  Key (id)=(22) already exists.
[2025-11-25T22:03:15.025+0000] {subprocess.py:93} INFO - 
[2025-11-25T22:03:15.109+0000] {subprocess.py:97} INFO - Command exited with return code 1
[2025-11-25T22:03:15.110+0000] {taskinstance.py:441} INFO - ::group::Post task execution logs
[2025-11-25T22:03:15.121+0000] {taskinstance.py:2890} ERROR - Task failed with exception
Traceback (most recent call last):
  File "/home/airflow/.local/lib/python3.12/site-packages/airflow/models/taskinstance.py", line 465, in _execute_task
    result = _execute_callable(context=context, **execute_callable_kwargs)
             ^^^^^^^^^^^^^^^^^^^^^^^^^^^^^^^^^^^^^^^^^^^^^^^^^^^^^^^^^^^^^
  File "/home/airflow/.local/lib/python3.12/site-packages/airflow/models/taskinstance.py", line 432, in _execute_callable
    return execute_callable(context=context, **execute_callable_kwargs)
           ^^^^^^^^^^^^^^^^^^^^^^^^^^^^^^^^^^^^^^^^^^^^^^^^^^^^^^^^^^^^
  File "/home/airflow/.local/lib/python3.12/site-packages/airflow/models/baseoperator.py", line 400, in wrapper
    return func(self, *args, **kwargs)
           ^^^^^^^^^^^^^^^^^^^^^^^^^^^
  File "/home/airflow/.local/lib/python3.12/site-packages/airflow/operators/bash.py", line 243, in execute
    raise AirflowException(
airflow.exceptions.AirflowException: Bash command failed. The command returned a non-zero exit code 1.
[2025-11-25T22:03:15.126+0000] {taskinstance.py:1205} INFO - Marking task as FAILED. dag_id=nfl_etl, task_id=load_to_postgres, execution_date=20251125T220302, start_date=20251125T220313, end_date=20251125T220315
[2025-11-25T22:03:15.142+0000] {standard_task_runner.py:110} ERROR - Failed to execute job 7 for task load_to_postgres (Bash command failed. The command returned a non-zero exit code 1.; 263)
[2025-11-25T22:03:15.180+0000] {local_task_job_runner.py:240} INFO - Task exited with return code 1
[2025-11-25T22:03:15.200+0000] {taskinstance.py:3482} INFO - 0 downstream tasks scheduled from follow-on schedule check
[2025-11-25T22:03:15.202+0000] {local_task_job_runner.py:222} INFO - ::endgroup::
