[2025-11-25T21:32:58.084+0000] {local_task_job_runner.py:120} INFO - ::group::Pre task execution logs
[2025-11-25T21:32:58.112+0000] {taskinstance.py:2073} INFO - Dependencies all met for dep_context=non-requeueable deps ti=<TaskInstance: nfl_etl.clean_nfl_data manual__2025-11-25T21:32:49.491062+00:00 [queued]>
[2025-11-25T21:32:58.120+0000] {taskinstance.py:2073} INFO - Dependencies all met for dep_context=requeueable deps ti=<TaskInstance: nfl_etl.clean_nfl_data manual__2025-11-25T21:32:49.491062+00:00 [queued]>
[2025-11-25T21:32:58.123+0000] {taskinstance.py:2303} INFO - Starting attempt 1 of 1
[2025-11-25T21:32:58.136+0000] {taskinstance.py:2327} INFO - Executing <Task(BashOperator): clean_nfl_data> on 2025-11-25 21:32:49.491062+00:00
[2025-11-25T21:32:58.141+0000] {logging_mixin.py:188} WARNING - /home/***/.local/lib/python3.12/site-packages/***/task/task_runner/standard_task_runner.py:61 DeprecationWarning: This process (pid=229) is multi-threaded, use of fork() may lead to deadlocks in the child.
[2025-11-25T21:32:58.143+0000] {standard_task_runner.py:63} INFO - Started process 232 to run task
[2025-11-25T21:32:58.142+0000] {standard_task_runner.py:90} INFO - Running: ['***', 'tasks', 'run', 'nfl_etl', 'clean_nfl_data', 'manual__2025-11-25T21:32:49.491062+00:00', '--job-id', '5', '--raw', '--subdir', 'DAGS_FOLDER/nfl_etl_dag.py', '--cfg-path', '/tmp/tmpen5m_304']
[2025-11-25T21:32:58.143+0000] {standard_task_runner.py:91} INFO - Job 5: Subtask clean_nfl_data
[2025-11-25T21:32:58.157+0000] {logging_mixin.py:188} WARNING - /home/***/.local/lib/python3.12/site-packages/***/settings.py:195 DeprecationWarning: The sql_alchemy_conn option in [core] has been moved to the sql_alchemy_conn option in [database] - the old setting has been used, but please update your config.
[2025-11-25T21:32:58.189+0000] {task_command.py:426} INFO - Running <TaskInstance: nfl_etl.clean_nfl_data manual__2025-11-25T21:32:49.491062+00:00 [running]> on host 494e40ca29ec
[2025-11-25T21:32:58.292+0000] {taskinstance.py:2644} INFO - Exporting env vars: AIRFLOW_CTX_DAG_OWNER='***' AIRFLOW_CTX_DAG_ID='nfl_etl' AIRFLOW_CTX_TASK_ID='clean_nfl_data' AIRFLOW_CTX_EXECUTION_DATE='2025-11-25T21:32:49.491062+00:00' AIRFLOW_CTX_TRY_NUMBER='1' AIRFLOW_CTX_DAG_RUN_ID='manual__2025-11-25T21:32:49.491062+00:00'
[2025-11-25T21:32:58.293+0000] {taskinstance.py:430} INFO - ::endgroup::
[2025-11-25T21:32:58.309+0000] {subprocess.py:63} INFO - Tmp dir root location: /tmp
[2025-11-25T21:32:58.310+0000] {subprocess.py:75} INFO - Running command: ['/usr/bin/bash', '-c', 'python /opt/***/src/transformations/clean_nfl_data.py']
[2025-11-25T21:32:58.316+0000] {subprocess.py:86} INFO - Output:
[2025-11-25T21:32:59.236+0000] {subprocess.py:93} INFO - Traceback (most recent call last):
[2025-11-25T21:32:59.236+0000] {subprocess.py:93} INFO -   File "/opt/***/src/transformations/clean_nfl_data.py", line 20, in <module>
[2025-11-25T21:32:59.239+0000] {subprocess.py:93} INFO -     clean()
[2025-11-25T21:32:59.239+0000] {subprocess.py:93} INFO -   File "/opt/***/src/transformations/clean_nfl_data.py", line 8, in clean
[2025-11-25T21:32:59.242+0000] {subprocess.py:93} INFO -     df = pd.read_csv(RAW_PATH)
[2025-11-25T21:32:59.246+0000] {subprocess.py:93} INFO -          ^^^^^^^^^^^^^^^^^^^^^
[2025-11-25T21:32:59.246+0000] {subprocess.py:93} INFO -   File "/home/***/.local/lib/python3.12/site-packages/pandas/io/parsers/readers.py", line 948, in read_csv
[2025-11-25T21:32:59.247+0000] {subprocess.py:93} INFO -     return _read(filepath_or_buffer, kwds)
[2025-11-25T21:32:59.247+0000] {subprocess.py:93} INFO -            ^^^^^^^^^^^^^^^^^^^^^^^^^^^^^^^
[2025-11-25T21:32:59.248+0000] {subprocess.py:93} INFO -   File "/home/***/.local/lib/python3.12/site-packages/pandas/io/parsers/readers.py", line 611, in _read
[2025-11-25T21:32:59.248+0000] {subprocess.py:93} INFO -     parser = TextFileReader(filepath_or_buffer, **kwds)
[2025-11-25T21:32:59.248+0000] {subprocess.py:93} INFO -              ^^^^^^^^^^^^^^^^^^^^^^^^^^^^^^^^^^^^^^^^^^
[2025-11-25T21:32:59.249+0000] {subprocess.py:93} INFO -   File "/home/***/.local/lib/python3.12/site-packages/pandas/io/parsers/readers.py", line 1448, in __init__
[2025-11-25T21:32:59.249+0000] {subprocess.py:93} INFO -     self._engine = self._make_engine(f, self.engine)
[2025-11-25T21:32:59.250+0000] {subprocess.py:93} INFO -                    ^^^^^^^^^^^^^^^^^^^^^^^^^^^^^^^^^
[2025-11-25T21:32:59.250+0000] {subprocess.py:93} INFO -   File "/home/***/.local/lib/python3.12/site-packages/pandas/io/parsers/readers.py", line 1705, in _make_engine
[2025-11-25T21:32:59.250+0000] {subprocess.py:93} INFO -     self.handles = get_handle(
[2025-11-25T21:32:59.251+0000] {subprocess.py:93} INFO -                    ^^^^^^^^^^^
[2025-11-25T21:32:59.251+0000] {subprocess.py:93} INFO -   File "/home/***/.local/lib/python3.12/site-packages/pandas/io/common.py", line 863, in get_handle
[2025-11-25T21:32:59.251+0000] {subprocess.py:93} INFO -     handle = open(
[2025-11-25T21:32:59.251+0000] {subprocess.py:93} INFO -              ^^^^^
[2025-11-25T21:32:59.252+0000] {subprocess.py:93} INFO - FileNotFoundError: [Errno 2] No such file or directory: '/opt/***/data/raw/nfl_raw.csv'
[2025-11-25T21:32:59.309+0000] {subprocess.py:97} INFO - Command exited with return code 1
[2025-11-25T21:32:59.310+0000] {taskinstance.py:441} INFO - ::group::Post task execution logs
[2025-11-25T21:32:59.320+0000] {taskinstance.py:2890} ERROR - Task failed with exception
Traceback (most recent call last):
  File "/home/airflow/.local/lib/python3.12/site-packages/airflow/models/taskinstance.py", line 465, in _execute_task
    result = _execute_callable(context=context, **execute_callable_kwargs)
             ^^^^^^^^^^^^^^^^^^^^^^^^^^^^^^^^^^^^^^^^^^^^^^^^^^^^^^^^^^^^^
  File "/home/airflow/.local/lib/python3.12/site-packages/airflow/models/taskinstance.py", line 432, in _execute_callable
    return execute_callable(context=context, **execute_callable_kwargs)
           ^^^^^^^^^^^^^^^^^^^^^^^^^^^^^^^^^^^^^^^^^^^^^^^^^^^^^^^^^^^^
  File "/home/airflow/.local/lib/python3.12/site-packages/airflow/models/baseoperator.py", line 400, in wrapper
    return func(self, *args, **kwargs)
           ^^^^^^^^^^^^^^^^^^^^^^^^^^^
  File "/home/airflow/.local/lib/python3.12/site-packages/airflow/operators/bash.py", line 243, in execute
    raise AirflowException(
airflow.exceptions.AirflowException: Bash command failed. The command returned a non-zero exit code 1.
[2025-11-25T21:32:59.323+0000] {taskinstance.py:1205} INFO - Marking task as FAILED. dag_id=nfl_etl, task_id=clean_nfl_data, execution_date=20251125T213249, start_date=20251125T213258, end_date=20251125T213259
[2025-11-25T21:32:59.337+0000] {standard_task_runner.py:110} ERROR - Failed to execute job 5 for task clean_nfl_data (Bash command failed. The command returned a non-zero exit code 1.; 232)
[2025-11-25T21:32:59.360+0000] {local_task_job_runner.py:240} INFO - Task exited with return code 1
[2025-11-25T21:32:59.383+0000] {taskinstance.py:3482} INFO - 0 downstream tasks scheduled from follow-on schedule check
[2025-11-25T21:32:59.388+0000] {local_task_job_runner.py:222} INFO - ::endgroup::
