[2025-11-25T22:13:07.917+0000] {local_task_job_runner.py:120} INFO - ::group::Pre task execution logs
[2025-11-25T22:13:07.945+0000] {taskinstance.py:2073} INFO - Dependencies all met for dep_context=non-requeueable deps ti=<TaskInstance: nfl_etl.load_to_postgres manual__2025-11-25T22:12:57.288074+00:00 [queued]>
[2025-11-25T22:13:07.954+0000] {taskinstance.py:2073} INFO - Dependencies all met for dep_context=requeueable deps ti=<TaskInstance: nfl_etl.load_to_postgres manual__2025-11-25T22:12:57.288074+00:00 [queued]>
[2025-11-25T22:13:07.957+0000] {taskinstance.py:2303} INFO - Starting attempt 1 of 1
[2025-11-25T22:13:07.971+0000] {taskinstance.py:2327} INFO - Executing <Task(BashOperator): load_to_postgres> on 2025-11-25 22:12:57.288074+00:00
[2025-11-25T22:13:07.978+0000] {logging_mixin.py:188} WARNING - /home/***/.local/lib/python3.12/site-packages/***/task/task_runner/standard_task_runner.py:61 DeprecationWarning: This process (pid=252) is multi-threaded, use of fork() may lead to deadlocks in the child.
[2025-11-25T22:13:07.979+0000] {standard_task_runner.py:63} INFO - Started process 254 to run task
[2025-11-25T22:13:07.978+0000] {standard_task_runner.py:90} INFO - Running: ['***', 'tasks', 'run', 'nfl_etl', 'load_to_postgres', 'manual__2025-11-25T22:12:57.288074+00:00', '--job-id', '7', '--raw', '--subdir', 'DAGS_FOLDER/nfl_etl_dag.py', '--cfg-path', '/tmp/tmpkc2r0gah']
[2025-11-25T22:13:07.980+0000] {standard_task_runner.py:91} INFO - Job 7: Subtask load_to_postgres
[2025-11-25T22:13:07.994+0000] {logging_mixin.py:188} WARNING - /home/***/.local/lib/python3.12/site-packages/***/settings.py:195 DeprecationWarning: The sql_alchemy_conn option in [core] has been moved to the sql_alchemy_conn option in [database] - the old setting has been used, but please update your config.
[2025-11-25T22:13:08.029+0000] {task_command.py:426} INFO - Running <TaskInstance: nfl_etl.load_to_postgres manual__2025-11-25T22:12:57.288074+00:00 [running]> on host 4b71973c0bbe
[2025-11-25T22:13:08.110+0000] {taskinstance.py:2644} INFO - Exporting env vars: AIRFLOW_CTX_DAG_OWNER='***' AIRFLOW_CTX_DAG_ID='nfl_etl' AIRFLOW_CTX_TASK_ID='load_to_postgres' AIRFLOW_CTX_EXECUTION_DATE='2025-11-25T22:12:57.288074+00:00' AIRFLOW_CTX_TRY_NUMBER='1' AIRFLOW_CTX_DAG_RUN_ID='manual__2025-11-25T22:12:57.288074+00:00'
[2025-11-25T22:13:08.110+0000] {taskinstance.py:430} INFO - ::endgroup::
[2025-11-25T22:13:08.123+0000] {subprocess.py:63} INFO - Tmp dir root location: /tmp
[2025-11-25T22:13:08.124+0000] {subprocess.py:75} INFO - Running command: ['/usr/bin/bash', '-c', 'python /opt/***/src/loading/load_to_postgres.py']
[2025-11-25T22:13:08.131+0000] {subprocess.py:86} INFO - Output:
[2025-11-25T22:13:09.097+0000] {subprocess.py:93} INFO - Traceback (most recent call last):
[2025-11-25T22:13:09.097+0000] {subprocess.py:93} INFO -   File "/opt/***/src/loading/load_to_postgres.py", line 42, in <module>
[2025-11-25T22:13:09.100+0000] {subprocess.py:93} INFO -     load()
[2025-11-25T22:13:09.101+0000] {subprocess.py:93} INFO -   File "/opt/***/src/loading/load_to_postgres.py", line 17, in load
[2025-11-25T22:13:09.104+0000] {subprocess.py:93} INFO -     cur.execute(
[2025-11-25T22:13:09.104+0000] {subprocess.py:93} INFO - psycopg2.errors.UniqueViolation: duplicate key value violates unique constraint "pg_type_typname_nsp_index"
[2025-11-25T22:13:09.105+0000] {subprocess.py:93} INFO - DETAIL:  Key (typname, typnamespace)=(teams, 2200) already exists.
[2025-11-25T22:13:09.105+0000] {subprocess.py:93} INFO - 
[2025-11-25T22:13:09.183+0000] {subprocess.py:97} INFO - Command exited with return code 1
[2025-11-25T22:13:09.184+0000] {taskinstance.py:441} INFO - ::group::Post task execution logs
[2025-11-25T22:13:09.195+0000] {taskinstance.py:2890} ERROR - Task failed with exception
Traceback (most recent call last):
  File "/home/airflow/.local/lib/python3.12/site-packages/airflow/models/taskinstance.py", line 465, in _execute_task
    result = _execute_callable(context=context, **execute_callable_kwargs)
             ^^^^^^^^^^^^^^^^^^^^^^^^^^^^^^^^^^^^^^^^^^^^^^^^^^^^^^^^^^^^^
  File "/home/airflow/.local/lib/python3.12/site-packages/airflow/models/taskinstance.py", line 432, in _execute_callable
    return execute_callable(context=context, **execute_callable_kwargs)
           ^^^^^^^^^^^^^^^^^^^^^^^^^^^^^^^^^^^^^^^^^^^^^^^^^^^^^^^^^^^^
  File "/home/airflow/.local/lib/python3.12/site-packages/airflow/models/baseoperator.py", line 400, in wrapper
    return func(self, *args, **kwargs)
           ^^^^^^^^^^^^^^^^^^^^^^^^^^^
  File "/home/airflow/.local/lib/python3.12/site-packages/airflow/operators/bash.py", line 243, in execute
    raise AirflowException(
airflow.exceptions.AirflowException: Bash command failed. The command returned a non-zero exit code 1.
[2025-11-25T22:13:09.199+0000] {taskinstance.py:1205} INFO - Marking task as FAILED. dag_id=nfl_etl, task_id=load_to_postgres, execution_date=20251125T221257, start_date=20251125T221307, end_date=20251125T221309
[2025-11-25T22:13:09.212+0000] {standard_task_runner.py:110} ERROR - Failed to execute job 7 for task load_to_postgres (Bash command failed. The command returned a non-zero exit code 1.; 254)
[2025-11-25T22:13:09.237+0000] {local_task_job_runner.py:240} INFO - Task exited with return code 1
[2025-11-25T22:13:09.253+0000] {taskinstance.py:3482} INFO - 0 downstream tasks scheduled from follow-on schedule check
[2025-11-25T22:13:09.256+0000] {local_task_job_runner.py:222} INFO - ::endgroup::
